[28-Jul-2017 15:33:43 UTC] PHP Fatal error:  Class 'ArticlesModel' not found in /home/ubuntu/workspace/api/controllers/Articles.php on line 7
[28-Jul-2017 15:33:43 UTC] PHP Stack trace:
[28-Jul-2017 15:33:43 UTC] PHP   1. {main}() /home/ubuntu/workspace/api/api.php:0
[28-Jul-2017 15:33:43 UTC] PHP   2. Articles->__construct() /home/ubuntu/workspace/api/api.php:12
[28-Jul-2017 15:35:25 UTC] PHP Warning:  require(/api/models/ArticlesModel.php): failed to open stream: No such file or directory in /home/ubuntu/workspace/api/controllers/Articles.php on line 2
[28-Jul-2017 15:35:25 UTC] PHP Stack trace:
[28-Jul-2017 15:35:25 UTC] PHP   1. {main}() /home/ubuntu/workspace/api/api.php:0
[28-Jul-2017 15:35:25 UTC] PHP   2. require() /home/ubuntu/workspace/api/api.php:11
[28-Jul-2017 15:35:25 UTC] PHP Fatal error:  require(): Failed opening required '/api/models/ArticlesModel.php' (include_path='.:/usr/share/php:/usr/share/pear') in /home/ubuntu/workspace/api/controllers/Articles.php on line 2
[28-Jul-2017 15:35:25 UTC] PHP Stack trace:
[28-Jul-2017 15:35:25 UTC] PHP   1. {main}() /home/ubuntu/workspace/api/api.php:0
[28-Jul-2017 15:35:25 UTC] PHP   2. require() /home/ubuntu/workspace/api/api.php:11
[29-Jul-2017 18:41:36 UTC] PHP Fatal error:  Class 'AccountsModel' not found in /home/ubuntu/workspace/api/controllers/Accounts.php on line 9
[29-Jul-2017 18:41:36 UTC] PHP Stack trace:
[29-Jul-2017 18:41:36 UTC] PHP   1. {main}() /home/ubuntu/workspace/api/api.php:0
[29-Jul-2017 18:41:36 UTC] PHP   2. Accounts->__construct() /home/ubuntu/workspace/api/api.php:12
[29-Jul-2017 18:42:45 UTC] PHP Fatal error:  Class 'AccountsModel' not found in /home/ubuntu/workspace/api/controllers/Accounts.php on line 9
[29-Jul-2017 18:42:45 UTC] PHP Stack trace:
[29-Jul-2017 18:42:45 UTC] PHP   1. {main}() /home/ubuntu/workspace/api/api.php:0
[29-Jul-2017 18:42:45 UTC] PHP   2. Accounts->__construct() /home/ubuntu/workspace/api/api.php:12
[31-Jul-2017 14:41:13 UTC] PHP Warning:  log() expects parameter 1 to be double, string given in /home/ubuntu/workspace/api/controllers/Accounts.php on line 26
[31-Jul-2017 14:41:13 UTC] PHP Stack trace:
[31-Jul-2017 14:41:13 UTC] PHP   1. {main}() /home/ubuntu/workspace/api/api.php:0
[31-Jul-2017 14:41:13 UTC] PHP   2. Accounts->signUp() /home/ubuntu/workspace/api/api.php:13
[31-Jul-2017 14:41:13 UTC] PHP   3. log() /home/ubuntu/workspace/api/controllers/Accounts.php:26
[31-Jul-2017 15:41:14 UTC] PHP Fatal error:  Call to undefined method PDO::preapare() in /home/ubuntu/workspace/api/models/AccountsModel.php on line 20
[31-Jul-2017 15:41:14 UTC] PHP Stack trace:
[31-Jul-2017 15:41:14 UTC] PHP   1. {main}() /home/ubuntu/workspace/api/api.php:0
[31-Jul-2017 15:41:14 UTC] PHP   2. Accounts->logIn() /home/ubuntu/workspace/api/api.php:13
[31-Jul-2017 15:41:14 UTC] PHP   3. AccountsModel->getUser() /home/ubuntu/workspace/api/controllers/Accounts.php:37
[31-Jul-2017 15:42:36 UTC] PHP Fatal error:  Call to undefined method PDO::preapare() in /home/ubuntu/workspace/api/models/AccountsModel.php on line 20
[31-Jul-2017 15:42:36 UTC] PHP Stack trace:
[31-Jul-2017 15:42:36 UTC] PHP   1. {main}() /home/ubuntu/workspace/api/api.php:0
[31-Jul-2017 15:42:36 UTC] PHP   2. Accounts->logIn() /home/ubuntu/workspace/api/api.php:13
[31-Jul-2017 15:42:36 UTC] PHP   3. AccountsModel->getUser() /home/ubuntu/workspace/api/controllers/Accounts.php:37
[31-Jul-2017 15:47:09 UTC] PHP Fatal error:  Call to undefined method PDO::preapare() in /home/ubuntu/workspace/api/models/AccountsModel.php on line 20
[31-Jul-2017 15:47:09 UTC] PHP Stack trace:
[31-Jul-2017 15:47:09 UTC] PHP   1. {main}() /home/ubuntu/workspace/api/api.php:0
[31-Jul-2017 15:47:09 UTC] PHP   2. Accounts->logIn() /home/ubuntu/workspace/api/api.php:13
[31-Jul-2017 15:47:09 UTC] PHP   3. AccountsModel->getUser() /home/ubuntu/workspace/api/controllers/Accounts.php:37
[31-Jul-2017 15:49:06 UTC] PHP Fatal error:  Call to undefined method PDO::preapare() in /home/ubuntu/workspace/api/models/AccountsModel.php on line 20
[31-Jul-2017 15:49:06 UTC] PHP Stack trace:
[31-Jul-2017 15:49:06 UTC] PHP   1. {main}() /home/ubuntu/workspace/api/api.php:0
[31-Jul-2017 15:49:06 UTC] PHP   2. Accounts->logIn() /home/ubuntu/workspace/api/api.php:13
[31-Jul-2017 15:49:06 UTC] PHP   3. AccountsModel->getUser() /home/ubuntu/workspace/api/controllers/Accounts.php:37
[31-Jul-2017 15:49:38 UTC] PHP Fatal error:  Call to undefined method PDO::preapare() in /home/ubuntu/workspace/api/models/AccountsModel.php on line 18
[31-Jul-2017 15:49:38 UTC] PHP Stack trace:
[31-Jul-2017 15:49:38 UTC] PHP   1. {main}() /home/ubuntu/workspace/api/api.php:0
[31-Jul-2017 15:49:38 UTC] PHP   2. Accounts->logIn() /home/ubuntu/workspace/api/api.php:13
[31-Jul-2017 15:49:38 UTC] PHP   3. AccountsModel->getUser() /home/ubuntu/workspace/api/controllers/Accounts.php:37
[01-Aug-2017 17:31:42 UTC] PHP Warning:  Missing argument 1 for ArticlesModel::selectOne(), called in /home/ubuntu/workspace/api/controllers/Articles.php on line 19 and defined in /home/ubuntu/workspace/api/models/ArticlesModel.php on line 10
[01-Aug-2017 17:31:42 UTC] PHP Stack trace:
[01-Aug-2017 17:31:42 UTC] PHP   1. {main}() /home/ubuntu/workspace/api/api.php:0
[01-Aug-2017 17:31:42 UTC] PHP   2. Articles->getArticle() /home/ubuntu/workspace/api/api.php:13
[01-Aug-2017 17:31:42 UTC] PHP   3. ArticlesModel->selectOne() /home/ubuntu/workspace/api/controllers/Articles.php:19
[01-Aug-2017 17:32:45 UTC] PHP Warning:  Missing argument 1 for ArticlesModel::selectOne(), called in /home/ubuntu/workspace/api/controllers/Articles.php on line 19 and defined in /home/ubuntu/workspace/api/models/ArticlesModel.php on line 10
[01-Aug-2017 17:32:45 UTC] PHP Stack trace:
[01-Aug-2017 17:32:45 UTC] PHP   1. {main}() /home/ubuntu/workspace/api/api.php:0
[01-Aug-2017 17:32:45 UTC] PHP   2. Articles->getArticle() /home/ubuntu/workspace/api/api.php:13
[01-Aug-2017 17:32:45 UTC] PHP   3. ArticlesModel->selectOne() /home/ubuntu/workspace/api/controllers/Articles.php:19
[01-Aug-2017 17:32:55 UTC] PHP Warning:  Missing argument 1 for ArticlesModel::selectOne(), called in /home/ubuntu/workspace/api/controllers/Articles.php on line 19 and defined in /home/ubuntu/workspace/api/models/ArticlesModel.php on line 10
[01-Aug-2017 17:32:55 UTC] PHP Stack trace:
[01-Aug-2017 17:32:55 UTC] PHP   1. {main}() /home/ubuntu/workspace/api/api.php:0
[01-Aug-2017 17:32:55 UTC] PHP   2. Articles->getArticle() /home/ubuntu/workspace/api/api.php:13
[01-Aug-2017 17:32:55 UTC] PHP   3. ArticlesModel->selectOne() /home/ubuntu/workspace/api/controllers/Articles.php:19
[01-Aug-2017 17:32:59 UTC] PHP Warning:  Missing argument 1 for ArticlesModel::selectOne(), called in /home/ubuntu/workspace/api/controllers/Articles.php on line 19 and defined in /home/ubuntu/workspace/api/models/ArticlesModel.php on line 10
[01-Aug-2017 17:32:59 UTC] PHP Stack trace:
[01-Aug-2017 17:32:59 UTC] PHP   1. {main}() /home/ubuntu/workspace/api/api.php:0
[01-Aug-2017 17:32:59 UTC] PHP   2. Articles->getArticle() /home/ubuntu/workspace/api/api.php:13
[01-Aug-2017 17:32:59 UTC] PHP   3. ArticlesModel->selectOne() /home/ubuntu/workspace/api/controllers/Articles.php:19
[01-Aug-2017 17:33:14 UTC] PHP Warning:  Missing argument 1 for ArticlesModel::selectOne(), called in /home/ubuntu/workspace/api/controllers/Articles.php on line 19 and defined in /home/ubuntu/workspace/api/models/ArticlesModel.php on line 10
[01-Aug-2017 17:33:14 UTC] PHP Stack trace:
[01-Aug-2017 17:33:14 UTC] PHP   1. {main}() /home/ubuntu/workspace/api/api.php:0
[01-Aug-2017 17:33:14 UTC] PHP   2. Articles->getArticle() /home/ubuntu/workspace/api/api.php:13
[01-Aug-2017 17:33:14 UTC] PHP   3. ArticlesModel->selectOne() /home/ubuntu/workspace/api/controllers/Articles.php:19
[01-Aug-2017 17:33:23 UTC] PHP Warning:  Missing argument 1 for ArticlesModel::selectOne(), called in /home/ubuntu/workspace/api/controllers/Articles.php on line 19 and defined in /home/ubuntu/workspace/api/models/ArticlesModel.php on line 10
[01-Aug-2017 17:33:23 UTC] PHP Stack trace:
[01-Aug-2017 17:33:23 UTC] PHP   1. {main}() /home/ubuntu/workspace/api/api.php:0
[01-Aug-2017 17:33:23 UTC] PHP   2. Articles->getArticle() /home/ubuntu/workspace/api/api.php:13
[01-Aug-2017 17:33:23 UTC] PHP   3. ArticlesModel->selectOne() /home/ubuntu/workspace/api/controllers/Articles.php:19
[01-Aug-2017 17:34:17 UTC] PHP Warning:  Missing argument 1 for ArticlesModel::selectOne(), called in /home/ubuntu/workspace/api/controllers/Articles.php on line 19 and defined in /home/ubuntu/workspace/api/models/ArticlesModel.php on line 10
[01-Aug-2017 17:34:17 UTC] PHP Stack trace:
[01-Aug-2017 17:34:17 UTC] PHP   1. {main}() /home/ubuntu/workspace/api/api.php:0
[01-Aug-2017 17:34:17 UTC] PHP   2. Articles->getArticle() /home/ubuntu/workspace/api/api.php:13
[01-Aug-2017 17:34:17 UTC] PHP   3. ArticlesModel->selectOne() /home/ubuntu/workspace/api/controllers/Articles.php:19
[01-Aug-2017 17:34:19 UTC] PHP Warning:  Missing argument 1 for ArticlesModel::selectOne(), called in /home/ubuntu/workspace/api/controllers/Articles.php on line 19 and defined in /home/ubuntu/workspace/api/models/ArticlesModel.php on line 10
[01-Aug-2017 17:34:19 UTC] PHP Stack trace:
[01-Aug-2017 17:34:19 UTC] PHP   1. {main}() /home/ubuntu/workspace/api/api.php:0
[01-Aug-2017 17:34:19 UTC] PHP   2. Articles->getArticle() /home/ubuntu/workspace/api/api.php:13
[01-Aug-2017 17:34:19 UTC] PHP   3. ArticlesModel->selectOne() /home/ubuntu/workspace/api/controllers/Articles.php:19
[01-Aug-2017 17:34:20 UTC] PHP Warning:  Missing argument 1 for ArticlesModel::selectOne(), called in /home/ubuntu/workspace/api/controllers/Articles.php on line 19 and defined in /home/ubuntu/workspace/api/models/ArticlesModel.php on line 10
[01-Aug-2017 17:34:20 UTC] PHP Stack trace:
[01-Aug-2017 17:34:20 UTC] PHP   1. {main}() /home/ubuntu/workspace/api/api.php:0
[01-Aug-2017 17:34:20 UTC] PHP   2. Articles->getArticle() /home/ubuntu/workspace/api/api.php:13
[01-Aug-2017 17:34:20 UTC] PHP   3. ArticlesModel->selectOne() /home/ubuntu/workspace/api/controllers/Articles.php:19
[01-Aug-2017 17:34:21 UTC] PHP Warning:  Missing argument 1 for ArticlesModel::selectOne(), called in /home/ubuntu/workspace/api/controllers/Articles.php on line 19 and defined in /home/ubuntu/workspace/api/models/ArticlesModel.php on line 10
[01-Aug-2017 17:34:21 UTC] PHP Stack trace:
[01-Aug-2017 17:34:21 UTC] PHP   1. {main}() /home/ubuntu/workspace/api/api.php:0
[01-Aug-2017 17:34:21 UTC] PHP   2. Articles->getArticle() /home/ubuntu/workspace/api/api.php:13
[01-Aug-2017 17:34:21 UTC] PHP   3. ArticlesModel->selectOne() /home/ubuntu/workspace/api/controllers/Articles.php:19
[01-Aug-2017 17:34:21 UTC] PHP Warning:  Missing argument 1 for ArticlesModel::selectOne(), called in /home/ubuntu/workspace/api/controllers/Articles.php on line 19 and defined in /home/ubuntu/workspace/api/models/ArticlesModel.php on line 10
[01-Aug-2017 17:34:21 UTC] PHP Stack trace:
[01-Aug-2017 17:34:21 UTC] PHP   1. {main}() /home/ubuntu/workspace/api/api.php:0
[01-Aug-2017 17:34:21 UTC] PHP   2. Articles->getArticle() /home/ubuntu/workspace/api/api.php:13
[01-Aug-2017 17:34:21 UTC] PHP   3. ArticlesModel->selectOne() /home/ubuntu/workspace/api/controllers/Articles.php:19
[01-Aug-2017 17:34:40 UTC] PHP Warning:  Missing argument 1 for ArticlesModel::selectOne(), called in /home/ubuntu/workspace/api/controllers/Articles.php on line 19 and defined in /home/ubuntu/workspace/api/models/ArticlesModel.php on line 10
[01-Aug-2017 17:34:40 UTC] PHP Stack trace:
[01-Aug-2017 17:34:40 UTC] PHP   1. {main}() /home/ubuntu/workspace/api/api.php:0
[01-Aug-2017 17:34:40 UTC] PHP   2. Articles->getArticle() /home/ubuntu/workspace/api/api.php:13
[01-Aug-2017 17:34:40 UTC] PHP   3. ArticlesModel->selectOne() /home/ubuntu/workspace/api/controllers/Articles.php:19
[01-Aug-2017 17:34:42 UTC] PHP Warning:  Missing argument 1 for ArticlesModel::selectOne(), called in /home/ubuntu/workspace/api/controllers/Articles.php on line 19 and defined in /home/ubuntu/workspace/api/models/ArticlesModel.php on line 10
[01-Aug-2017 17:34:42 UTC] PHP Stack trace:
[01-Aug-2017 17:34:42 UTC] PHP   1. {main}() /home/ubuntu/workspace/api/api.php:0
[01-Aug-2017 17:34:42 UTC] PHP   2. Articles->getArticle() /home/ubuntu/workspace/api/api.php:13
[01-Aug-2017 17:34:42 UTC] PHP   3. ArticlesModel->selectOne() /home/ubuntu/workspace/api/controllers/Articles.php:19
[01-Aug-2017 17:34:43 UTC] PHP Warning:  Missing argument 1 for ArticlesModel::selectOne(), called in /home/ubuntu/workspace/api/controllers/Articles.php on line 19 and defined in /home/ubuntu/workspace/api/models/ArticlesModel.php on line 10
[01-Aug-2017 17:34:43 UTC] PHP Stack trace:
[01-Aug-2017 17:34:43 UTC] PHP   1. {main}() /home/ubuntu/workspace/api/api.php:0
[01-Aug-2017 17:34:43 UTC] PHP   2. Articles->getArticle() /home/ubuntu/workspace/api/api.php:13
[01-Aug-2017 17:34:43 UTC] PHP   3. ArticlesModel->selectOne() /home/ubuntu/workspace/api/controllers/Articles.php:19
[01-Aug-2017 17:37:49 UTC] PHP Warning:  Missing argument 1 for ArticlesModel::selectOne(), called in /home/ubuntu/workspace/api/controllers/Articles.php on line 19 and defined in /home/ubuntu/workspace/api/models/ArticlesModel.php on line 10
[01-Aug-2017 17:37:49 UTC] PHP Stack trace:
[01-Aug-2017 17:37:49 UTC] PHP   1. {main}() /home/ubuntu/workspace/api/api.php:0
[01-Aug-2017 17:37:49 UTC] PHP   2. Articles->getArticle() /home/ubuntu/workspace/api/api.php:13
[01-Aug-2017 17:37:49 UTC] PHP   3. ArticlesModel->selectOne() /home/ubuntu/workspace/api/controllers/Articles.php:19
[01-Aug-2017 17:37:50 UTC] PHP Warning:  Missing argument 1 for ArticlesModel::selectOne(), called in /home/ubuntu/workspace/api/controllers/Articles.php on line 19 and defined in /home/ubuntu/workspace/api/models/ArticlesModel.php on line 10
[01-Aug-2017 17:37:50 UTC] PHP Stack trace:
[01-Aug-2017 17:37:50 UTC] PHP   1. {main}() /home/ubuntu/workspace/api/api.php:0
[01-Aug-2017 17:37:50 UTC] PHP   2. Articles->getArticle() /home/ubuntu/workspace/api/api.php:13
[01-Aug-2017 17:37:50 UTC] PHP   3. ArticlesModel->selectOne() /home/ubuntu/workspace/api/controllers/Articles.php:19
[01-Aug-2017 17:38:04 UTC] PHP Warning:  Missing argument 1 for ArticlesModel::selectOne(), called in /home/ubuntu/workspace/api/controllers/Articles.php on line 19 and defined in /home/ubuntu/workspace/api/models/ArticlesModel.php on line 10
[01-Aug-2017 17:38:04 UTC] PHP Stack trace:
[01-Aug-2017 17:38:04 UTC] PHP   1. {main}() /home/ubuntu/workspace/api/api.php:0
[01-Aug-2017 17:38:04 UTC] PHP   2. Articles->getArticle() /home/ubuntu/workspace/api/api.php:13
[01-Aug-2017 17:38:04 UTC] PHP   3. ArticlesModel->selectOne() /home/ubuntu/workspace/api/controllers/Articles.php:19
[01-Aug-2017 17:38:05 UTC] PHP Warning:  Missing argument 1 for ArticlesModel::selectOne(), called in /home/ubuntu/workspace/api/controllers/Articles.php on line 19 and defined in /home/ubuntu/workspace/api/models/ArticlesModel.php on line 10
[01-Aug-2017 17:38:05 UTC] PHP Stack trace:
[01-Aug-2017 17:38:05 UTC] PHP   1. {main}() /home/ubuntu/workspace/api/api.php:0
[01-Aug-2017 17:38:05 UTC] PHP   2. Articles->getArticle() /home/ubuntu/workspace/api/api.php:13
[01-Aug-2017 17:38:05 UTC] PHP   3. ArticlesModel->selectOne() /home/ubuntu/workspace/api/controllers/Articles.php:19
[01-Aug-2017 17:38:06 UTC] PHP Warning:  Missing argument 1 for ArticlesModel::selectOne(), called in /home/ubuntu/workspace/api/controllers/Articles.php on line 19 and defined in /home/ubuntu/workspace/api/models/ArticlesModel.php on line 10
[01-Aug-2017 17:38:06 UTC] PHP Stack trace:
[01-Aug-2017 17:38:06 UTC] PHP   1. {main}() /home/ubuntu/workspace/api/api.php:0
[01-Aug-2017 17:38:06 UTC] PHP   2. Articles->getArticle() /home/ubuntu/workspace/api/api.php:13
[01-Aug-2017 17:38:06 UTC] PHP   3. ArticlesModel->selectOne() /home/ubuntu/workspace/api/controllers/Articles.php:19
[01-Aug-2017 17:40:24 UTC] PHP Warning:  Missing argument 1 for ArticlesModel::selectOne(), called in /home/ubuntu/workspace/api/controllers/Articles.php on line 19 and defined in /home/ubuntu/workspace/api/models/ArticlesModel.php on line 10
[01-Aug-2017 17:40:24 UTC] PHP Stack trace:
[01-Aug-2017 17:40:24 UTC] PHP   1. {main}() /home/ubuntu/workspace/api/api.php:0
[01-Aug-2017 17:40:24 UTC] PHP   2. Articles->getArticle() /home/ubuntu/workspace/api/api.php:13
[01-Aug-2017 17:40:24 UTC] PHP   3. ArticlesModel->selectOne() /home/ubuntu/workspace/api/controllers/Articles.php:19
[01-Aug-2017 17:41:25 UTC] PHP Warning:  Missing argument 1 for ArticlesModel::selectOne(), called in /home/ubuntu/workspace/api/controllers/Articles.php on line 19 and defined in /home/ubuntu/workspace/api/models/ArticlesModel.php on line 10
[01-Aug-2017 17:41:25 UTC] PHP Stack trace:
[01-Aug-2017 17:41:25 UTC] PHP   1. {main}() /home/ubuntu/workspace/api/api.php:0
[01-Aug-2017 17:41:25 UTC] PHP   2. Articles->getArticle() /home/ubuntu/workspace/api/api.php:13
[01-Aug-2017 17:41:25 UTC] PHP   3. ArticlesModel->selectOne() /home/ubuntu/workspace/api/controllers/Articles.php:19
[01-Aug-2017 17:43:33 UTC] PHP Warning:  Missing argument 1 for ArticlesModel::selectOne(), called in /home/ubuntu/workspace/api/controllers/Articles.php on line 19 and defined in /home/ubuntu/workspace/api/models/ArticlesModel.php on line 10
[01-Aug-2017 17:43:33 UTC] PHP Stack trace:
[01-Aug-2017 17:43:33 UTC] PHP   1. {main}() /home/ubuntu/workspace/api/api.php:0
[01-Aug-2017 17:43:33 UTC] PHP   2. Articles->getArticle() /home/ubuntu/workspace/api/api.php:13
[01-Aug-2017 17:43:33 UTC] PHP   3. ArticlesModel->selectOne() /home/ubuntu/workspace/api/controllers/Articles.php:19
[01-Aug-2017 17:44:17 UTC] PHP Warning:  Missing argument 1 for ArticlesModel::selectOne(), called in /home/ubuntu/workspace/api/controllers/Articles.php on line 19 and defined in /home/ubuntu/workspace/api/models/ArticlesModel.php on line 10
[01-Aug-2017 17:44:17 UTC] PHP Stack trace:
[01-Aug-2017 17:44:17 UTC] PHP   1. {main}() /home/ubuntu/workspace/api/api.php:0
[01-Aug-2017 17:44:17 UTC] PHP   2. Articles->getArticle() /home/ubuntu/workspace/api/api.php:13
[01-Aug-2017 17:44:17 UTC] PHP   3. ArticlesModel->selectOne() /home/ubuntu/workspace/api/controllers/Articles.php:19
[01-Aug-2017 17:46:34 UTC] PHP Warning:  Missing argument 1 for ArticlesModel::selectOne(), called in /home/ubuntu/workspace/api/controllers/Articles.php on line 19 and defined in /home/ubuntu/workspace/api/models/ArticlesModel.php on line 10
[01-Aug-2017 17:46:34 UTC] PHP Stack trace:
[01-Aug-2017 17:46:34 UTC] PHP   1. {main}() /home/ubuntu/workspace/api/api.php:0
[01-Aug-2017 17:46:34 UTC] PHP   2. Articles->getArticle() /home/ubuntu/workspace/api/api.php:13
[01-Aug-2017 17:46:34 UTC] PHP   3. ArticlesModel->selectOne() /home/ubuntu/workspace/api/controllers/Articles.php:19
[01-Aug-2017 17:48:02 UTC] PHP Warning:  Missing argument 1 for ArticlesModel::selectOne(), called in /home/ubuntu/workspace/api/controllers/Articles.php on line 19 and defined in /home/ubuntu/workspace/api/models/ArticlesModel.php on line 10
[01-Aug-2017 17:48:02 UTC] PHP Stack trace:
[01-Aug-2017 17:48:02 UTC] PHP   1. {main}() /home/ubuntu/workspace/api/api.php:0
[01-Aug-2017 17:48:02 UTC] PHP   2. Articles->getArticle() /home/ubuntu/workspace/api/api.php:13
[01-Aug-2017 17:48:02 UTC] PHP   3. ArticlesModel->selectOne() /home/ubuntu/workspace/api/controllers/Articles.php:19
[01-Aug-2017 17:48:04 UTC] PHP Warning:  Missing argument 1 for ArticlesModel::selectOne(), called in /home/ubuntu/workspace/api/controllers/Articles.php on line 19 and defined in /home/ubuntu/workspace/api/models/ArticlesModel.php on line 10
[01-Aug-2017 17:48:04 UTC] PHP Stack trace:
[01-Aug-2017 17:48:04 UTC] PHP   1. {main}() /home/ubuntu/workspace/api/api.php:0
[01-Aug-2017 17:48:04 UTC] PHP   2. Articles->getArticle() /home/ubuntu/workspace/api/api.php:13
[01-Aug-2017 17:48:04 UTC] PHP   3. ArticlesModel->selectOne() /home/ubuntu/workspace/api/controllers/Articles.php:19
[01-Aug-2017 17:48:05 UTC] PHP Warning:  Missing argument 1 for ArticlesModel::selectOne(), called in /home/ubuntu/workspace/api/controllers/Articles.php on line 19 and defined in /home/ubuntu/workspace/api/models/ArticlesModel.php on line 10
[01-Aug-2017 17:48:05 UTC] PHP Stack trace:
[01-Aug-2017 17:48:05 UTC] PHP   1. {main}() /home/ubuntu/workspace/api/api.php:0
[01-Aug-2017 17:48:05 UTC] PHP   2. Articles->getArticle() /home/ubuntu/workspace/api/api.php:13
[01-Aug-2017 17:48:05 UTC] PHP   3. ArticlesModel->selectOne() /home/ubuntu/workspace/api/controllers/Articles.php:19
[01-Aug-2017 17:48:06 UTC] PHP Warning:  Missing argument 1 for ArticlesModel::selectOne(), called in /home/ubuntu/workspace/api/controllers/Articles.php on line 19 and defined in /home/ubuntu/workspace/api/models/ArticlesModel.php on line 10
[01-Aug-2017 17:48:06 UTC] PHP Stack trace:
[01-Aug-2017 17:48:06 UTC] PHP   1. {main}() /home/ubuntu/workspace/api/api.php:0
[01-Aug-2017 17:48:06 UTC] PHP   2. Articles->getArticle() /home/ubuntu/workspace/api/api.php:13
[01-Aug-2017 17:48:06 UTC] PHP   3. ArticlesModel->selectOne() /home/ubuntu/workspace/api/controllers/Articles.php:19
[01-Aug-2017 19:07:39 UTC] PHP Warning:  Missing argument 1 for ArticlesModel::selectOne(), called in /home/ubuntu/workspace/api/controllers/Articles.php on line 19 and defined in /home/ubuntu/workspace/api/models/ArticlesModel.php on line 10
[01-Aug-2017 19:07:39 UTC] PHP Stack trace:
[01-Aug-2017 19:07:39 UTC] PHP   1. {main}() /home/ubuntu/workspace/api/api.php:0
[01-Aug-2017 19:07:39 UTC] PHP   2. Articles->getArticle() /home/ubuntu/workspace/api/api.php:13
[01-Aug-2017 19:07:39 UTC] PHP   3. ArticlesModel->selectOne() /home/ubuntu/workspace/api/controllers/Articles.php:19
[02-Aug-2017 14:29:38 UTC] PHP Warning:  Missing argument 1 for ArticlesModel::selectOne(), called in /home/ubuntu/workspace/api/controllers/Articles.php on line 19 and defined in /home/ubuntu/workspace/api/models/ArticlesModel.php on line 10
[02-Aug-2017 14:29:38 UTC] PHP Stack trace:
[02-Aug-2017 14:29:38 UTC] PHP   1. {main}() /home/ubuntu/workspace/api/api.php:0
[02-Aug-2017 14:29:38 UTC] PHP   2. Articles->getArticle() /home/ubuntu/workspace/api/api.php:13
[02-Aug-2017 14:29:38 UTC] PHP   3. ArticlesModel->selectOne() /home/ubuntu/workspace/api/controllers/Articles.php:19
[02-Aug-2017 14:29:39 UTC] PHP Warning:  Missing argument 1 for ArticlesModel::selectOne(), called in /home/ubuntu/workspace/api/controllers/Articles.php on line 19 and defined in /home/ubuntu/workspace/api/models/ArticlesModel.php on line 10
[02-Aug-2017 14:29:39 UTC] PHP Stack trace:
[02-Aug-2017 14:29:39 UTC] PHP   1. {main}() /home/ubuntu/workspace/api/api.php:0
[02-Aug-2017 14:29:39 UTC] PHP   2. Articles->getArticle() /home/ubuntu/workspace/api/api.php:13
[02-Aug-2017 14:29:39 UTC] PHP   3. ArticlesModel->selectOne() /home/ubuntu/workspace/api/controllers/Articles.php:19
[02-Aug-2017 14:29:39 UTC] PHP Warning:  Missing argument 1 for ArticlesModel::selectOne(), called in /home/ubuntu/workspace/api/controllers/Articles.php on line 19 and defined in /home/ubuntu/workspace/api/models/ArticlesModel.php on line 10
[02-Aug-2017 14:29:39 UTC] PHP Stack trace:
[02-Aug-2017 14:29:39 UTC] PHP   1. {main}() /home/ubuntu/workspace/api/api.php:0
[02-Aug-2017 14:29:39 UTC] PHP   2. Articles->getArticle() /home/ubuntu/workspace/api/api.php:13
[02-Aug-2017 14:29:39 UTC] PHP   3. ArticlesModel->selectOne() /home/ubuntu/workspace/api/controllers/Articles.php:19
[02-Aug-2017 14:29:39 UTC] PHP Warning:  Missing argument 1 for ArticlesModel::selectOne(), called in /home/ubuntu/workspace/api/controllers/Articles.php on line 19 and defined in /home/ubuntu/workspace/api/models/ArticlesModel.php on line 10
[02-Aug-2017 14:29:40 UTC] PHP Stack trace:
[02-Aug-2017 14:29:40 UTC] PHP   1. {main}() /home/ubuntu/workspace/api/api.php:0
[02-Aug-2017 14:29:40 UTC] PHP   2. Articles->getArticle() /home/ubuntu/workspace/api/api.php:13
[02-Aug-2017 14:29:40 UTC] PHP   3. ArticlesModel->selectOne() /home/ubuntu/workspace/api/controllers/Articles.php:19
[02-Aug-2017 14:29:45 UTC] PHP Warning:  Missing argument 1 for ArticlesModel::selectOne(), called in /home/ubuntu/workspace/api/controllers/Articles.php on line 19 and defined in /home/ubuntu/workspace/api/models/ArticlesModel.php on line 10
[02-Aug-2017 14:29:45 UTC] PHP Stack trace:
[02-Aug-2017 14:29:45 UTC] PHP   1. {main}() /home/ubuntu/workspace/api/api.php:0
[02-Aug-2017 14:29:45 UTC] PHP   2. Articles->getArticle() /home/ubuntu/workspace/api/api.php:13
[02-Aug-2017 14:29:45 UTC] PHP   3. ArticlesModel->selectOne() /home/ubuntu/workspace/api/controllers/Articles.php:19
[02-Aug-2017 14:29:46 UTC] PHP Warning:  Missing argument 1 for ArticlesModel::selectOne(), called in /home/ubuntu/workspace/api/controllers/Articles.php on line 19 and defined in /home/ubuntu/workspace/api/models/ArticlesModel.php on line 10
[02-Aug-2017 14:29:46 UTC] PHP Stack trace:
[02-Aug-2017 14:29:46 UTC] PHP   1. {main}() /home/ubuntu/workspace/api/api.php:0
[02-Aug-2017 14:29:46 UTC] PHP   2. Articles->getArticle() /home/ubuntu/workspace/api/api.php:13
[02-Aug-2017 14:29:46 UTC] PHP   3. ArticlesModel->selectOne() /home/ubuntu/workspace/api/controllers/Articles.php:19
[02-Aug-2017 14:29:54 UTC] PHP Warning:  Missing argument 1 for ArticlesModel::selectOne(), called in /home/ubuntu/workspace/api/controllers/Articles.php on line 19 and defined in /home/ubuntu/workspace/api/models/ArticlesModel.php on line 10
[02-Aug-2017 14:29:54 UTC] PHP Stack trace:
[02-Aug-2017 14:29:54 UTC] PHP   1. {main}() /home/ubuntu/workspace/api/api.php:0
[02-Aug-2017 14:29:54 UTC] PHP   2. Articles->getArticle() /home/ubuntu/workspace/api/api.php:13
[02-Aug-2017 14:29:54 UTC] PHP   3. ArticlesModel->selectOne() /home/ubuntu/workspace/api/controllers/Articles.php:19
[02-Aug-2017 14:29:59 UTC] PHP Warning:  Missing argument 1 for ArticlesModel::selectOne(), called in /home/ubuntu/workspace/api/controllers/Articles.php on line 19 and defined in /home/ubuntu/workspace/api/models/ArticlesModel.php on line 10
[02-Aug-2017 14:29:59 UTC] PHP Stack trace:
[02-Aug-2017 14:29:59 UTC] PHP   1. {main}() /home/ubuntu/workspace/api/api.php:0
[02-Aug-2017 14:29:59 UTC] PHP   2. Articles->getArticle() /home/ubuntu/workspace/api/api.php:13
[02-Aug-2017 14:29:59 UTC] PHP   3. ArticlesModel->selectOne() /home/ubuntu/workspace/api/controllers/Articles.php:19
[02-Aug-2017 14:41:59 UTC] PHP Warning:  Missing argument 1 for ArticlesModel::selectOne(), called in /home/ubuntu/workspace/api/controllers/Articles.php on line 19 and defined in /home/ubuntu/workspace/api/models/ArticlesModel.php on line 10
[02-Aug-2017 14:41:59 UTC] PHP Stack trace:
[02-Aug-2017 14:41:59 UTC] PHP   1. {main}() /home/ubuntu/workspace/api/api.php:0
[02-Aug-2017 14:41:59 UTC] PHP   2. Articles->getArticle() /home/ubuntu/workspace/api/api.php:13
[02-Aug-2017 14:41:59 UTC] PHP   3. ArticlesModel->selectOne() /home/ubuntu/workspace/api/controllers/Articles.php:19
[02-Aug-2017 14:42:02 UTC] PHP Warning:  Missing argument 1 for ArticlesModel::selectOne(), called in /home/ubuntu/workspace/api/controllers/Articles.php on line 19 and defined in /home/ubuntu/workspace/api/models/ArticlesModel.php on line 10
[02-Aug-2017 14:42:02 UTC] PHP Stack trace:
[02-Aug-2017 14:42:02 UTC] PHP   1. {main}() /home/ubuntu/workspace/api/api.php:0
[02-Aug-2017 14:42:02 UTC] PHP   2. Articles->getArticle() /home/ubuntu/workspace/api/api.php:13
[02-Aug-2017 14:42:02 UTC] PHP   3. ArticlesModel->selectOne() /home/ubuntu/workspace/api/controllers/Articles.php:19
[02-Aug-2017 14:42:24 UTC] PHP Warning:  Missing argument 1 for ArticlesModel::selectOne(), called in /home/ubuntu/workspace/api/controllers/Articles.php on line 19 and defined in /home/ubuntu/workspace/api/models/ArticlesModel.php on line 10
[02-Aug-2017 14:42:24 UTC] PHP Stack trace:
[02-Aug-2017 14:42:24 UTC] PHP   1. {main}() /home/ubuntu/workspace/api/api.php:0
[02-Aug-2017 14:42:24 UTC] PHP   2. Articles->getArticle() /home/ubuntu/workspace/api/api.php:13
[02-Aug-2017 14:42:24 UTC] PHP   3. ArticlesModel->selectOne() /home/ubuntu/workspace/api/controllers/Articles.php:19
[02-Aug-2017 14:42:25 UTC] PHP Warning:  Missing argument 1 for ArticlesModel::selectOne(), called in /home/ubuntu/workspace/api/controllers/Articles.php on line 19 and defined in /home/ubuntu/workspace/api/models/ArticlesModel.php on line 10
[02-Aug-2017 14:42:25 UTC] PHP Stack trace:
[02-Aug-2017 14:42:25 UTC] PHP   1. {main}() /home/ubuntu/workspace/api/api.php:0
[02-Aug-2017 14:42:25 UTC] PHP   2. Articles->getArticle() /home/ubuntu/workspace/api/api.php:13
[02-Aug-2017 14:42:25 UTC] PHP   3. ArticlesModel->selectOne() /home/ubuntu/workspace/api/controllers/Articles.php:19
[02-Aug-2017 14:42:42 UTC] PHP Warning:  Missing argument 1 for ArticlesModel::selectOne(), called in /home/ubuntu/workspace/api/controllers/Articles.php on line 19 and defined in /home/ubuntu/workspace/api/models/ArticlesModel.php on line 10
[02-Aug-2017 14:42:42 UTC] PHP Stack trace:
[02-Aug-2017 14:42:42 UTC] PHP   1. {main}() /home/ubuntu/workspace/api/api.php:0
[02-Aug-2017 14:42:42 UTC] PHP   2. Articles->getArticle() /home/ubuntu/workspace/api/api.php:13
[02-Aug-2017 14:42:42 UTC] PHP   3. ArticlesModel->selectOne() /home/ubuntu/workspace/api/controllers/Articles.php:19
[02-Aug-2017 14:43:05 UTC] PHP Warning:  Missing argument 1 for ArticlesModel::selectOne(), called in /home/ubuntu/workspace/api/controllers/Articles.php on line 19 and defined in /home/ubuntu/workspace/api/models/ArticlesModel.php on line 10
[02-Aug-2017 14:43:05 UTC] PHP Stack trace:
[02-Aug-2017 14:43:05 UTC] PHP   1. {main}() /home/ubuntu/workspace/api/api.php:0
[02-Aug-2017 14:43:05 UTC] PHP   2. Articles->getArticle() /home/ubuntu/workspace/api/api.php:13
[02-Aug-2017 14:43:05 UTC] PHP   3. ArticlesModel->selectOne() /home/ubuntu/workspace/api/controllers/Articles.php:19
[02-Aug-2017 14:43:09 UTC] PHP Warning:  Missing argument 1 for ArticlesModel::selectOne(), called in /home/ubuntu/workspace/api/controllers/Articles.php on line 19 and defined in /home/ubuntu/workspace/api/models/ArticlesModel.php on line 10
[02-Aug-2017 14:43:09 UTC] PHP Stack trace:
[02-Aug-2017 14:43:09 UTC] PHP   1. {main}() /home/ubuntu/workspace/api/api.php:0
[02-Aug-2017 14:43:09 UTC] PHP   2. Articles->getArticle() /home/ubuntu/workspace/api/api.php:13
[02-Aug-2017 14:43:09 UTC] PHP   3. ArticlesModel->selectOne() /home/ubuntu/workspace/api/controllers/Articles.php:19
[02-Aug-2017 14:44:06 UTC] PHP Warning:  Missing argument 1 for ArticlesModel::selectOne(), called in /home/ubuntu/workspace/api/controllers/Articles.php on line 19 and defined in /home/ubuntu/workspace/api/models/ArticlesModel.php on line 10
[02-Aug-2017 14:44:06 UTC] PHP Stack trace:
[02-Aug-2017 14:44:06 UTC] PHP   1. {main}() /home/ubuntu/workspace/api/api.php:0
[02-Aug-2017 14:44:06 UTC] PHP   2. Articles->getArticle() /home/ubuntu/workspace/api/api.php:13
[02-Aug-2017 14:44:06 UTC] PHP   3. ArticlesModel->selectOne() /home/ubuntu/workspace/api/controllers/Articles.php:19
[02-Aug-2017 14:45:08 UTC] PHP Warning:  Missing argument 1 for ArticlesModel::selectOne(), called in /home/ubuntu/workspace/api/controllers/Articles.php on line 19 and defined in /home/ubuntu/workspace/api/models/ArticlesModel.php on line 10
[02-Aug-2017 14:45:08 UTC] PHP Stack trace:
[02-Aug-2017 14:45:08 UTC] PHP   1. {main}() /home/ubuntu/workspace/api/api.php:0
[02-Aug-2017 14:45:08 UTC] PHP   2. Articles->getArticle() /home/ubuntu/workspace/api/api.php:13
[02-Aug-2017 14:45:08 UTC] PHP   3. ArticlesModel->selectOne() /home/ubuntu/workspace/api/controllers/Articles.php:19
[02-Aug-2017 14:45:12 UTC] PHP Warning:  Missing argument 1 for ArticlesModel::selectOne(), called in /home/ubuntu/workspace/api/controllers/Articles.php on line 19 and defined in /home/ubuntu/workspace/api/models/ArticlesModel.php on line 10
[02-Aug-2017 14:45:12 UTC] PHP Stack trace:
[02-Aug-2017 14:45:12 UTC] PHP   1. {main}() /home/ubuntu/workspace/api/api.php:0
[02-Aug-2017 14:45:12 UTC] PHP   2. Articles->getArticle() /home/ubuntu/workspace/api/api.php:13
[02-Aug-2017 14:45:12 UTC] PHP   3. ArticlesModel->selectOne() /home/ubuntu/workspace/api/controllers/Articles.php:19
[02-Aug-2017 14:45:14 UTC] PHP Warning:  Missing argument 1 for ArticlesModel::selectOne(), called in /home/ubuntu/workspace/api/controllers/Articles.php on line 19 and defined in /home/ubuntu/workspace/api/models/ArticlesModel.php on line 10
[02-Aug-2017 14:45:14 UTC] PHP Stack trace:
[02-Aug-2017 14:45:14 UTC] PHP   1. {main}() /home/ubuntu/workspace/api/api.php:0
[02-Aug-2017 14:45:14 UTC] PHP   2. Articles->getArticle() /home/ubuntu/workspace/api/api.php:13
[02-Aug-2017 14:45:14 UTC] PHP   3. ArticlesModel->selectOne() /home/ubuntu/workspace/api/controllers/Articles.php:19
[02-Aug-2017 14:45:47 UTC] PHP Warning:  Missing argument 1 for ArticlesModel::selectOne(), called in /home/ubuntu/workspace/api/controllers/Articles.php on line 19 and defined in /home/ubuntu/workspace/api/models/ArticlesModel.php on line 10
[02-Aug-2017 14:45:47 UTC] PHP Stack trace:
[02-Aug-2017 14:45:47 UTC] PHP   1. {main}() /home/ubuntu/workspace/api/api.php:0
[02-Aug-2017 14:45:47 UTC] PHP   2. Articles->getArticle() /home/ubuntu/workspace/api/api.php:13
[02-Aug-2017 14:45:47 UTC] PHP   3. ArticlesModel->selectOne() /home/ubuntu/workspace/api/controllers/Articles.php:19
[02-Aug-2017 14:45:51 UTC] PHP Warning:  Missing argument 1 for ArticlesModel::selectOne(), called in /home/ubuntu/workspace/api/controllers/Articles.php on line 19 and defined in /home/ubuntu/workspace/api/models/ArticlesModel.php on line 10
[02-Aug-2017 14:45:51 UTC] PHP Stack trace:
[02-Aug-2017 14:45:51 UTC] PHP   1. {main}() /home/ubuntu/workspace/api/api.php:0
[02-Aug-2017 14:45:51 UTC] PHP   2. Articles->getArticle() /home/ubuntu/workspace/api/api.php:13
[02-Aug-2017 14:45:51 UTC] PHP   3. ArticlesModel->selectOne() /home/ubuntu/workspace/api/controllers/Articles.php:19
[02-Aug-2017 14:48:51 UTC] PHP Warning:  Missing argument 1 for ArticlesModel::selectOne(), called in /home/ubuntu/workspace/api/controllers/Articles.php on line 19 and defined in /home/ubuntu/workspace/api/models/ArticlesModel.php on line 10
[02-Aug-2017 14:48:51 UTC] PHP Stack trace:
[02-Aug-2017 14:48:51 UTC] PHP   1. {main}() /home/ubuntu/workspace/api/api.php:0
[02-Aug-2017 14:48:51 UTC] PHP   2. Articles->getArticle() /home/ubuntu/workspace/api/api.php:13
[02-Aug-2017 14:48:51 UTC] PHP   3. ArticlesModel->selectOne() /home/ubuntu/workspace/api/controllers/Articles.php:19
[02-Aug-2017 14:49:21 UTC] PHP Warning:  Missing argument 1 for ArticlesModel::selectOne(), called in /home/ubuntu/workspace/api/controllers/Articles.php on line 19 and defined in /home/ubuntu/workspace/api/models/ArticlesModel.php on line 10
[02-Aug-2017 14:49:21 UTC] PHP Stack trace:
[02-Aug-2017 14:49:21 UTC] PHP   1. {main}() /home/ubuntu/workspace/api/api.php:0
[02-Aug-2017 14:49:21 UTC] PHP   2. Articles->getArticle() /home/ubuntu/workspace/api/api.php:13
[02-Aug-2017 14:49:21 UTC] PHP   3. ArticlesModel->selectOne() /home/ubuntu/workspace/api/controllers/Articles.php:19
[02-Aug-2017 14:52:02 UTC] PHP Warning:  Missing argument 1 for ArticlesModel::selectOne(), called in /home/ubuntu/workspace/api/controllers/Articles.php on line 19 and defined in /home/ubuntu/workspace/api/models/ArticlesModel.php on line 10
[02-Aug-2017 14:52:02 UTC] PHP Stack trace:
[02-Aug-2017 14:52:02 UTC] PHP   1. {main}() /home/ubuntu/workspace/api/api.php:0
[02-Aug-2017 14:52:02 UTC] PHP   2. Articles->getArticle() /home/ubuntu/workspace/api/api.php:13
[02-Aug-2017 14:52:02 UTC] PHP   3. ArticlesModel->selectOne() /home/ubuntu/workspace/api/controllers/Articles.php:19
[02-Aug-2017 14:52:02 UTC] PHP Warning:  Missing argument 1 for ArticlesModel::selectOne(), called in /home/ubuntu/workspace/api/controllers/Articles.php on line 19 and defined in /home/ubuntu/workspace/api/models/ArticlesModel.php on line 10
[02-Aug-2017 14:52:02 UTC] PHP Stack trace:
[02-Aug-2017 14:52:02 UTC] PHP   1. {main}() /home/ubuntu/workspace/api/api.php:0
[02-Aug-2017 14:52:02 UTC] PHP   2. Articles->getArticle() /home/ubuntu/workspace/api/api.php:13
[02-Aug-2017 14:52:02 UTC] PHP   3. ArticlesModel->selectOne() /home/ubuntu/workspace/api/controllers/Articles.php:19
[02-Aug-2017 14:52:25 UTC] PHP Warning:  Missing argument 1 for ArticlesModel::selectOne(), called in /home/ubuntu/workspace/api/controllers/Articles.php on line 19 and defined in /home/ubuntu/workspace/api/models/ArticlesModel.php on line 10
[02-Aug-2017 14:52:25 UTC] PHP Stack trace:
[02-Aug-2017 14:52:25 UTC] PHP   1. {main}() /home/ubuntu/workspace/api/api.php:0
[02-Aug-2017 14:52:25 UTC] PHP   2. Articles->getArticle() /home/ubuntu/workspace/api/api.php:13
[02-Aug-2017 14:52:25 UTC] PHP   3. ArticlesModel->selectOne() /home/ubuntu/workspace/api/controllers/Articles.php:19
[02-Aug-2017 14:53:27 UTC] PHP Warning:  Missing argument 1 for ArticlesModel::selectOne(), called in /home/ubuntu/workspace/api/controllers/Articles.php on line 19 and defined in /home/ubuntu/workspace/api/models/ArticlesModel.php on line 10
[02-Aug-2017 14:53:27 UTC] PHP Stack trace:
[02-Aug-2017 14:53:27 UTC] PHP   1. {main}() /home/ubuntu/workspace/api/api.php:0
[02-Aug-2017 14:53:27 UTC] PHP   2. Articles->getArticle() /home/ubuntu/workspace/api/api.php:13
[02-Aug-2017 14:53:27 UTC] PHP   3. ArticlesModel->selectOne() /home/ubuntu/workspace/api/controllers/Articles.php:19
[02-Aug-2017 14:57:10 UTC] PHP Warning:  Missing argument 1 for ArticlesModel::selectOne(), called in /home/ubuntu/workspace/api/controllers/Articles.php on line 19 and defined in /home/ubuntu/workspace/api/models/ArticlesModel.php on line 10
[02-Aug-2017 14:57:10 UTC] PHP Stack trace:
[02-Aug-2017 14:57:10 UTC] PHP   1. {main}() /home/ubuntu/workspace/api/api.php:0
[02-Aug-2017 14:57:10 UTC] PHP   2. Articles->getArticle() /home/ubuntu/workspace/api/api.php:13
[02-Aug-2017 14:57:10 UTC] PHP   3. ArticlesModel->selectOne() /home/ubuntu/workspace/api/controllers/Articles.php:19
[04-Aug-2017 15:59:02 UTC] PHP Fatal error:  Call to a member function execute() on a non-object in /home/ubuntu/workspace/api/models/DB.php on line 21
[04-Aug-2017 15:59:02 UTC] PHP Stack trace:
[04-Aug-2017 15:59:02 UTC] PHP   1. {main}() /home/ubuntu/workspace/api/api.php:0
[04-Aug-2017 15:59:02 UTC] PHP   2. Articles->getAll() /home/ubuntu/workspace/api/api.php:13
[04-Aug-2017 15:59:02 UTC] PHP   3. ArticlesModel->selectAll() /home/ubuntu/workspace/api/controllers/Articles.php:12
[04-Aug-2017 15:59:02 UTC] PHP   4. DB->executeQuery() /home/ubuntu/workspace/api/models/ArticlesModel.php:7
[04-Aug-2017 15:59:32 UTC] PHP Fatal error:  Call to a member function execute() on a non-object in /home/ubuntu/workspace/api/models/DB.php on line 21
[04-Aug-2017 15:59:32 UTC] PHP Stack trace:
[04-Aug-2017 15:59:32 UTC] PHP   1. {main}() /home/ubuntu/workspace/api/api.php:0
[04-Aug-2017 15:59:32 UTC] PHP   2. Articles->getAll() /home/ubuntu/workspace/api/api.php:13
[04-Aug-2017 15:59:32 UTC] PHP   3. ArticlesModel->selectAll() /home/ubuntu/workspace/api/controllers/Articles.php:12
[04-Aug-2017 15:59:32 UTC] PHP   4. DB->executeQuery() /home/ubuntu/workspace/api/models/ArticlesModel.php:7
[04-Aug-2017 15:59:39 UTC] PHP Fatal error:  Call to a member function execute() on a non-object in /home/ubuntu/workspace/api/models/DB.php on line 21
[04-Aug-2017 15:59:39 UTC] PHP Stack trace:
[04-Aug-2017 15:59:39 UTC] PHP   1. {main}() /home/ubuntu/workspace/api/api.php:0
[04-Aug-2017 15:59:39 UTC] PHP   2. Articles->getAll() /home/ubuntu/workspace/api/api.php:13
[04-Aug-2017 15:59:39 UTC] PHP   3. ArticlesModel->selectAll() /home/ubuntu/workspace/api/controllers/Articles.php:12
[04-Aug-2017 15:59:39 UTC] PHP   4. DB->executeQuery() /home/ubuntu/workspace/api/models/ArticlesModel.php:7
[06-Aug-2017 15:40:42 UTC] PHP Warning:  require(controllers/Contacts.php): failed to open stream: No such file or directory in /home/ubuntu/workspace/api/api.php on line 11
[06-Aug-2017 15:40:42 UTC] PHP Stack trace:
[06-Aug-2017 15:40:42 UTC] PHP   1. {main}() /home/ubuntu/workspace/api/api.php:0
[06-Aug-2017 15:40:42 UTC] PHP Fatal error:  require(): Failed opening required 'controllers/Contacts.php' (include_path='.:/usr/share/php:/usr/share/pear') in /home/ubuntu/workspace/api/api.php on line 11
[06-Aug-2017 15:40:42 UTC] PHP Stack trace:
[06-Aug-2017 15:40:42 UTC] PHP   1. {main}() /home/ubuntu/workspace/api/api.php:0
[06-Aug-2017 15:41:24 UTC] PHP Warning:  require(controllers/Contacts.php): failed to open stream: No such file or directory in /home/ubuntu/workspace/api/api.php on line 11
[06-Aug-2017 15:41:24 UTC] PHP Stack trace:
[06-Aug-2017 15:41:24 UTC] PHP   1. {main}() /home/ubuntu/workspace/api/api.php:0
[06-Aug-2017 15:41:24 UTC] PHP Fatal error:  require(): Failed opening required 'controllers/Contacts.php' (include_path='.:/usr/share/php:/usr/share/pear') in /home/ubuntu/workspace/api/api.php on line 11
[06-Aug-2017 15:41:24 UTC] PHP Stack trace:
[06-Aug-2017 15:41:24 UTC] PHP   1. {main}() /home/ubuntu/workspace/api/api.php:0
[06-Aug-2017 15:44:08 UTC] PHP Fatal error:  Call to a member function execute() on a non-object in /home/ubuntu/workspace/api/models/ContactModel.php on line 14
[06-Aug-2017 15:44:08 UTC] PHP Stack trace:
[06-Aug-2017 15:44:08 UTC] PHP   1. {main}() /home/ubuntu/workspace/api/api.php:0
[06-Aug-2017 15:44:08 UTC] PHP   2. Contact->sendInfo() /home/ubuntu/workspace/api/api.php:13
[06-Aug-2017 15:44:08 UTC] PHP   3. ContactModel->sendContactInfo() /home/ubuntu/workspace/api/controllers/Contact.php:22
[06-Aug-2017 15:49:42 UTC] PHP Fatal error:  Call to a member function execute() on a non-object in /home/ubuntu/workspace/api/models/ContactModel.php on line 14
[06-Aug-2017 15:49:42 UTC] PHP Stack trace:
[06-Aug-2017 15:49:42 UTC] PHP   1. {main}() /home/ubuntu/workspace/api/api.php:0
[06-Aug-2017 15:49:42 UTC] PHP   2. Contact->sendInfo() /home/ubuntu/workspace/api/api.php:13
[06-Aug-2017 15:49:42 UTC] PHP   3. ContactModel->sendContactInfo() /home/ubuntu/workspace/api/controllers/Contact.php:22
[06-Aug-2017 15:52:48 UTC] PHP Fatal error:  Call to a member function execute() on a non-object in /home/ubuntu/workspace/api/models/ContactModel.php on line 14
[06-Aug-2017 15:52:48 UTC] PHP Stack trace:
[06-Aug-2017 15:52:48 UTC] PHP   1. {main}() /home/ubuntu/workspace/api/api.php:0
[06-Aug-2017 15:52:48 UTC] PHP   2. Contact->sendInfo() /home/ubuntu/workspace/api/api.php:13
[06-Aug-2017 15:52:48 UTC] PHP   3. ContactModel->sendContactInfo() /home/ubuntu/workspace/api/controllers/Contact.php:22
[06-Aug-2017 21:02:33 UTC] PHP Fatal error:  Cannot use [] for reading in /home/ubuntu/workspace/api/controllers/Accounts.php on line 53
[06-Aug-2017 21:02:33 UTC] PHP Stack trace:
[06-Aug-2017 21:02:33 UTC] PHP   1. {main}() /home/ubuntu/workspace/api/api.php:0
[06-Aug-2017 21:02:33 UTC] PHP   2. Accounts->checkRole() /home/ubuntu/workspace/api/api.php:13
[06-Aug-2017 21:08:15 UTC] PHP Parse error:  syntax error, unexpected '}' in /home/ubuntu/workspace/api/controllers/Accounts.php on line 60
[06-Aug-2017 21:08:15 UTC] PHP Stack trace:
[06-Aug-2017 21:08:15 UTC] PHP   1. {main}() /home/ubuntu/workspace/api/api.php:0
[06-Aug-2017 21:14:31 UTC] PHP Fatal error:  Call to undefined function succes_response() in /home/ubuntu/workspace/api/controllers/Accounts.php on line 59
[06-Aug-2017 21:14:31 UTC] PHP Stack trace:
[06-Aug-2017 21:14:31 UTC] PHP   1. {main}() /home/ubuntu/workspace/api/api.php:0
[06-Aug-2017 21:14:31 UTC] PHP   2. Accounts->checkRole() /home/ubuntu/workspace/api/api.php:13
[06-Aug-2017 21:15:11 UTC] PHP Fatal error:  Call to undefined function succes_response() in /home/ubuntu/workspace/api/controllers/Accounts.php on line 59
[06-Aug-2017 21:15:11 UTC] PHP Stack trace:
[06-Aug-2017 21:15:11 UTC] PHP   1. {main}() /home/ubuntu/workspace/api/api.php:0
[06-Aug-2017 21:15:11 UTC] PHP   2. Accounts->checkRole() /home/ubuntu/workspace/api/api.php:13
[06-Aug-2017 21:15:14 UTC] PHP Fatal error:  Call to undefined function succes_response() in /home/ubuntu/workspace/api/controllers/Accounts.php on line 59
[06-Aug-2017 21:15:14 UTC] PHP Stack trace:
[06-Aug-2017 21:15:14 UTC] PHP   1. {main}() /home/ubuntu/workspace/api/api.php:0
[06-Aug-2017 21:15:14 UTC] PHP   2. Accounts->checkRole() /home/ubuntu/workspace/api/api.php:13
[06-Aug-2017 21:15:18 UTC] PHP Fatal error:  Call to undefined function succes_response() in /home/ubuntu/workspace/api/controllers/Accounts.php on line 59
[06-Aug-2017 21:15:18 UTC] PHP Stack trace:
[06-Aug-2017 21:15:18 UTC] PHP   1. {main}() /home/ubuntu/workspace/api/api.php:0
[06-Aug-2017 21:15:18 UTC] PHP   2. Accounts->checkRole() /home/ubuntu/workspace/api/api.php:13
[06-Aug-2017 21:16:29 UTC] PHP Fatal error:  Call to undefined function succes_response() in /home/ubuntu/workspace/api/controllers/Accounts.php on line 59
[06-Aug-2017 21:16:29 UTC] PHP Stack trace:
[06-Aug-2017 21:16:29 UTC] PHP   1. {main}() /home/ubuntu/workspace/api/api.php:0
[06-Aug-2017 21:16:29 UTC] PHP   2. Accounts->checkRole() /home/ubuntu/workspace/api/api.php:13
[06-Aug-2017 21:16:53 UTC] PHP Fatal error:  Call to undefined function succes_response() in /home/ubuntu/workspace/api/controllers/Accounts.php on line 59
[06-Aug-2017 21:16:53 UTC] PHP Stack trace:
[06-Aug-2017 21:16:53 UTC] PHP   1. {main}() /home/ubuntu/workspace/api/api.php:0
[06-Aug-2017 21:16:53 UTC] PHP   2. Accounts->checkRole() /home/ubuntu/workspace/api/api.php:13
[06-Aug-2017 21:17:31 UTC] PHP Fatal error:  Call to undefined function succes_response() in /home/ubuntu/workspace/api/controllers/Accounts.php on line 59
[06-Aug-2017 21:17:31 UTC] PHP Stack trace:
[06-Aug-2017 21:17:31 UTC] PHP   1. {main}() /home/ubuntu/workspace/api/api.php:0
[06-Aug-2017 21:17:31 UTC] PHP   2. Accounts->checkRole() /home/ubuntu/workspace/api/api.php:13
[06-Aug-2017 21:17:31 UTC] PHP Fatal error:  Call to undefined function succes_response() in /home/ubuntu/workspace/api/controllers/Accounts.php on line 59
[06-Aug-2017 21:17:31 UTC] PHP Stack trace:
[06-Aug-2017 21:17:31 UTC] PHP   1. {main}() /home/ubuntu/workspace/api/api.php:0
[06-Aug-2017 21:17:31 UTC] PHP   2. Accounts->checkRole() /home/ubuntu/workspace/api/api.php:13
[06-Aug-2017 21:17:44 UTC] PHP Fatal error:  Call to undefined function succes_response() in /home/ubuntu/workspace/api/controllers/Accounts.php on line 59
[06-Aug-2017 21:17:44 UTC] PHP Stack trace:
[06-Aug-2017 21:17:44 UTC] PHP   1. {main}() /home/ubuntu/workspace/api/api.php:0
[06-Aug-2017 21:17:44 UTC] PHP   2. Accounts->checkRole() /home/ubuntu/workspace/api/api.php:13
[06-Aug-2017 21:18:28 UTC] PHP Fatal error:  Call to undefined function succes_response() in /home/ubuntu/workspace/api/controllers/Accounts.php on line 59
[06-Aug-2017 21:18:28 UTC] PHP Stack trace:
[06-Aug-2017 21:18:28 UTC] PHP   1. {main}() /home/ubuntu/workspace/api/api.php:0
[06-Aug-2017 21:18:28 UTC] PHP   2. Accounts->checkRole() /home/ubuntu/workspace/api/api.php:13
[06-Aug-2017 21:19:13 UTC] PHP Fatal error:  Call to undefined function succes_response() in /home/ubuntu/workspace/api/controllers/Accounts.php on line 58
[06-Aug-2017 21:19:13 UTC] PHP Stack trace:
[06-Aug-2017 21:19:13 UTC] PHP   1. {main}() /home/ubuntu/workspace/api/api.php:0
[06-Aug-2017 21:19:13 UTC] PHP   2. Accounts->checkRole() /home/ubuntu/workspace/api/api.php:13
[07-Aug-2017 16:17:19 UTC] PHP Fatal error:  Call to undefined function var_dupm() in /home/ubuntu/workspace/api/controllers/Articles.php on line 21
[07-Aug-2017 16:17:19 UTC] PHP Stack trace:
[07-Aug-2017 16:17:19 UTC] PHP   1. {main}() /home/ubuntu/workspace/api/api.php:0
[07-Aug-2017 16:17:19 UTC] PHP   2. Articles->getArticle() /home/ubuntu/workspace/api/api.php:13
[07-Aug-2017 16:17:20 UTC] PHP Fatal error:  Call to undefined function var_dupm() in /home/ubuntu/workspace/api/controllers/Articles.php on line 21
[07-Aug-2017 16:17:20 UTC] PHP Stack trace:
[07-Aug-2017 16:17:20 UTC] PHP   1. {main}() /home/ubuntu/workspace/api/api.php:0
[07-Aug-2017 16:17:20 UTC] PHP   2. Articles->getArticle() /home/ubuntu/workspace/api/api.php:13
[07-Aug-2017 16:17:21 UTC] PHP Fatal error:  Call to undefined function var_dupm() in /home/ubuntu/workspace/api/controllers/Articles.php on line 21
[07-Aug-2017 16:17:21 UTC] PHP Stack trace:
[07-Aug-2017 16:17:21 UTC] PHP   1. {main}() /home/ubuntu/workspace/api/api.php:0
[07-Aug-2017 16:17:21 UTC] PHP   2. Articles->getArticle() /home/ubuntu/workspace/api/api.php:13
[07-Aug-2017 16:17:21 UTC] PHP Fatal error:  Call to undefined function var_dupm() in /home/ubuntu/workspace/api/controllers/Articles.php on line 21
[07-Aug-2017 16:17:21 UTC] PHP Stack trace:
[07-Aug-2017 16:17:21 UTC] PHP   1. {main}() /home/ubuntu/workspace/api/api.php:0
[07-Aug-2017 16:17:21 UTC] PHP   2. Articles->getArticle() /home/ubuntu/workspace/api/api.php:13
[07-Aug-2017 16:17:23 UTC] PHP Fatal error:  Call to undefined function var_dupm() in /home/ubuntu/workspace/api/controllers/Articles.php on line 21
[07-Aug-2017 16:17:23 UTC] PHP Stack trace:
[07-Aug-2017 16:17:23 UTC] PHP   1. {main}() /home/ubuntu/workspace/api/api.php:0
[07-Aug-2017 16:17:23 UTC] PHP   2. Articles->getArticle() /home/ubuntu/workspace/api/api.php:13
[07-Aug-2017 16:17:23 UTC] PHP Fatal error:  Call to undefined function var_dupm() in /home/ubuntu/workspace/api/controllers/Articles.php on line 21
[07-Aug-2017 16:17:23 UTC] PHP Stack trace:
[07-Aug-2017 16:17:23 UTC] PHP   1. {main}() /home/ubuntu/workspace/api/api.php:0
[07-Aug-2017 16:17:23 UTC] PHP   2. Articles->getArticle() /home/ubuntu/workspace/api/api.php:13
[07-Aug-2017 16:17:26 UTC] PHP Fatal error:  Call to undefined function var_dupm() in /home/ubuntu/workspace/api/controllers/Articles.php on line 21
[07-Aug-2017 16:17:26 UTC] PHP Stack trace:
[07-Aug-2017 16:17:26 UTC] PHP   1. {main}() /home/ubuntu/workspace/api/api.php:0
[07-Aug-2017 16:17:26 UTC] PHP   2. Articles->getArticle() /home/ubuntu/workspace/api/api.php:13
[07-Aug-2017 16:17:29 UTC] PHP Fatal error:  Call to undefined function var_dupm() in /home/ubuntu/workspace/api/controllers/Articles.php on line 21
[07-Aug-2017 16:17:29 UTC] PHP Stack trace:
[07-Aug-2017 16:17:29 UTC] PHP   1. {main}() /home/ubuntu/workspace/api/api.php:0
[07-Aug-2017 16:17:29 UTC] PHP   2. Articles->getArticle() /home/ubuntu/workspace/api/api.php:13
[07-Aug-2017 16:17:30 UTC] PHP Fatal error:  Call to undefined function var_dupm() in /home/ubuntu/workspace/api/controllers/Articles.php on line 21
[07-Aug-2017 16:17:30 UTC] PHP Stack trace:
[07-Aug-2017 16:17:30 UTC] PHP   1. {main}() /home/ubuntu/workspace/api/api.php:0
[07-Aug-2017 16:17:30 UTC] PHP   2. Articles->getArticle() /home/ubuntu/workspace/api/api.php:13
[07-Aug-2017 16:17:30 UTC] PHP Fatal error:  Call to undefined function var_dupm() in /home/ubuntu/workspace/api/controllers/Articles.php on line 21
[07-Aug-2017 16:17:30 UTC] PHP Stack trace:
[07-Aug-2017 16:17:30 UTC] PHP   1. {main}() /home/ubuntu/workspace/api/api.php:0
[07-Aug-2017 16:17:30 UTC] PHP   2. Articles->getArticle() /home/ubuntu/workspace/api/api.php:13
[07-Aug-2017 16:17:30 UTC] PHP Fatal error:  Call to undefined function var_dupm() in /home/ubuntu/workspace/api/controllers/Articles.php on line 21
[07-Aug-2017 16:17:30 UTC] PHP Stack trace:
[07-Aug-2017 16:17:30 UTC] PHP   1. {main}() /home/ubuntu/workspace/api/api.php:0
[07-Aug-2017 16:17:30 UTC] PHP   2. Articles->getArticle() /home/ubuntu/workspace/api/api.php:13
[07-Aug-2017 17:24:42 UTC] PHP Fatal error:  Call to a member function search() on a non-object in /home/ubuntu/workspace/api/controllers/Articles.php on line 29
[07-Aug-2017 17:24:42 UTC] PHP Stack trace:
[07-Aug-2017 17:24:42 UTC] PHP   1. {main}() /home/ubuntu/workspace/api/api.php:0
[07-Aug-2017 17:24:42 UTC] PHP   2. Articles->searchArticles() /home/ubuntu/workspace/api/api.php:13
[07-Aug-2017 17:24:42 UTC] PHP Fatal error:  Call to a member function search() on a non-object in /home/ubuntu/workspace/api/controllers/Articles.php on line 29
[07-Aug-2017 17:24:42 UTC] PHP Stack trace:
[07-Aug-2017 17:24:42 UTC] PHP   1. {main}() /home/ubuntu/workspace/api/api.php:0
[07-Aug-2017 17:24:42 UTC] PHP   2. Articles->searchArticles() /home/ubuntu/workspace/api/api.php:13
[07-Aug-2017 17:25:17 UTC] PHP Fatal error:  Call to a member function search() on a non-object in /home/ubuntu/workspace/api/controllers/Articles.php on line 29
[07-Aug-2017 17:25:17 UTC] PHP Stack trace:
[07-Aug-2017 17:25:17 UTC] PHP   1. {main}() /home/ubuntu/workspace/api/api.php:0
[07-Aug-2017 17:25:17 UTC] PHP   2. Articles->searchArticles() /home/ubuntu/workspace/api/api.php:13
[07-Aug-2017 17:25:56 UTC] PHP Fatal error:  Call to a member function search() on a non-object in /home/ubuntu/workspace/api/controllers/Articles.php on line 29
[07-Aug-2017 17:25:56 UTC] PHP Stack trace:
[07-Aug-2017 17:25:56 UTC] PHP   1. {main}() /home/ubuntu/workspace/api/api.php:0
[07-Aug-2017 17:25:56 UTC] PHP   2. Articles->searchArticles() /home/ubuntu/workspace/api/api.php:13
[07-Aug-2017 17:26:26 UTC] PHP Fatal error:  Call to a member function search() on a non-object in /home/ubuntu/workspace/api/controllers/Articles.php on line 29
[07-Aug-2017 17:26:26 UTC] PHP Stack trace:
[07-Aug-2017 17:26:26 UTC] PHP   1. {main}() /home/ubuntu/workspace/api/api.php:0
[07-Aug-2017 17:26:26 UTC] PHP   2. Articles->searchArticles() /home/ubuntu/workspace/api/api.php:13
[07-Aug-2017 17:26:41 UTC] PHP Fatal error:  Call to a member function search() on a non-object in /home/ubuntu/workspace/api/controllers/Articles.php on line 29
[07-Aug-2017 17:26:41 UTC] PHP Stack trace:
[07-Aug-2017 17:26:41 UTC] PHP   1. {main}() /home/ubuntu/workspace/api/api.php:0
[07-Aug-2017 17:26:41 UTC] PHP   2. Articles->searchArticles() /home/ubuntu/workspace/api/api.php:13
[07-Aug-2017 17:26:59 UTC] PHP Fatal error:  Call to a member function search() on a non-object in /home/ubuntu/workspace/api/controllers/Articles.php on line 28
[07-Aug-2017 17:26:59 UTC] PHP Stack trace:
[07-Aug-2017 17:26:59 UTC] PHP   1. {main}() /home/ubuntu/workspace/api/api.php:0
[07-Aug-2017 17:26:59 UTC] PHP   2. Articles->searchArticles() /home/ubuntu/workspace/api/api.php:13
[07-Aug-2017 17:27:49 UTC] PHP Fatal error:  Call to a member function searchFor() on a non-object in /home/ubuntu/workspace/api/controllers/Articles.php on line 28
[07-Aug-2017 17:27:49 UTC] PHP Stack trace:
[07-Aug-2017 17:27:49 UTC] PHP   1. {main}() /home/ubuntu/workspace/api/api.php:0
[07-Aug-2017 17:27:49 UTC] PHP   2. Articles->searchArticles() /home/ubuntu/workspace/api/api.php:13
[07-Aug-2017 17:27:49 UTC] PHP Fatal error:  Call to a member function searchFor() on a non-object in /home/ubuntu/workspace/api/controllers/Articles.php on line 28
[07-Aug-2017 17:27:49 UTC] PHP Stack trace:
[07-Aug-2017 17:27:49 UTC] PHP   1. {main}() /home/ubuntu/workspace/api/api.php:0
[07-Aug-2017 17:27:49 UTC] PHP   2. Articles->searchArticles() /home/ubuntu/workspace/api/api.php:13
[07-Aug-2017 17:45:58 UTC] PHP Fatal error:  Call to a member function execute() on a non-object in /home/ubuntu/workspace/api/models/ArticlesModel.php on line 24
[07-Aug-2017 17:45:58 UTC] PHP Stack trace:
[07-Aug-2017 17:45:58 UTC] PHP   1. {main}() /home/ubuntu/workspace/api/api.php:0
[07-Aug-2017 17:45:58 UTC] PHP   2. Articles->searchArticles() /home/ubuntu/workspace/api/api.php:13
[07-Aug-2017 17:45:58 UTC] PHP   3. ArticlesModel->searchFor() /home/ubuntu/workspace/api/controllers/Articles.php:28
[08-Aug-2017 00:24:12 UTC] PHP Fatal error:  Call to a member function execute() on a non-object in /home/ubuntu/workspace/api/models/ArticlesModel.php on line 46
[08-Aug-2017 00:24:12 UTC] PHP Stack trace:
[08-Aug-2017 00:24:12 UTC] PHP   1. {main}() /home/ubuntu/workspace/api/api.php:0
[08-Aug-2017 00:24:12 UTC] PHP   2. Articles->createArticle() /home/ubuntu/workspace/api/api.php:13
[08-Aug-2017 00:24:12 UTC] PHP   3. ArticlesModel->createItem() /home/ubuntu/workspace/api/controllers/Articles.php:52
[08-Aug-2017 00:25:19 UTC] PHP Fatal error:  Call to a member function execute() on a non-object in /home/ubuntu/workspace/api/models/ArticlesModel.php on line 46
[08-Aug-2017 00:25:19 UTC] PHP Stack trace:
[08-Aug-2017 00:25:19 UTC] PHP   1. {main}() /home/ubuntu/workspace/api/api.php:0
[08-Aug-2017 00:25:19 UTC] PHP   2. Articles->createArticle() /home/ubuntu/workspace/api/api.php:13
[08-Aug-2017 00:25:19 UTC] PHP   3. ArticlesModel->createItem() /home/ubuntu/workspace/api/controllers/Articles.php:52
[08-Aug-2017 00:26:47 UTC] PHP Fatal error:  Call to a member function execute() on a non-object in /home/ubuntu/workspace/api/models/ArticlesModel.php on line 46
[08-Aug-2017 00:26:47 UTC] PHP Stack trace:
[08-Aug-2017 00:26:47 UTC] PHP   1. {main}() /home/ubuntu/workspace/api/api.php:0
[08-Aug-2017 00:26:47 UTC] PHP   2. Articles->createArticle() /home/ubuntu/workspace/api/api.php:13
[08-Aug-2017 00:26:47 UTC] PHP   3. ArticlesModel->createItem() /home/ubuntu/workspace/api/controllers/Articles.php:52
[08-Aug-2017 02:39:11 UTC] PHP Fatal error:  Call to undefined method Articles::editArticle() in /home/ubuntu/workspace/api/api.php on line 13
[08-Aug-2017 02:39:11 UTC] PHP Stack trace:
[08-Aug-2017 02:39:11 UTC] PHP   1. {main}() /home/ubuntu/workspace/api/api.php:0
[08-Aug-2017 02:39:29 UTC] PHP Fatal error:  Call to undefined method Articles::editArticle() in /home/ubuntu/workspace/api/api.php on line 13
[08-Aug-2017 02:39:29 UTC] PHP Stack trace:
[08-Aug-2017 02:39:29 UTC] PHP   1. {main}() /home/ubuntu/workspace/api/api.php:0
[08-Aug-2017 02:40:55 UTC] PHP Fatal error:  Call to undefined method Articles::editArticle() in /home/ubuntu/workspace/api/api.php on line 13
[08-Aug-2017 02:40:55 UTC] PHP Stack trace:
[08-Aug-2017 02:40:55 UTC] PHP   1. {main}() /home/ubuntu/workspace/api/api.php:0
[08-Aug-2017 02:41:10 UTC] PHP Fatal error:  Call to undefined method Articles::editArticle() in /home/ubuntu/workspace/api/api.php on line 13
[08-Aug-2017 02:41:10 UTC] PHP Stack trace:
[08-Aug-2017 02:41:10 UTC] PHP   1. {main}() /home/ubuntu/workspace/api/api.php:0
[08-Aug-2017 02:42:10 UTC] PHP Fatal error:  Call to undefined method Articles::editArticle() in /home/ubuntu/workspace/api/api.php on line 13
[08-Aug-2017 02:42:10 UTC] PHP Stack trace:
[08-Aug-2017 02:42:10 UTC] PHP   1. {main}() /home/ubuntu/workspace/api/api.php:0
[08-Aug-2017 02:48:14 UTC] PHP Fatal error:  Call to a member function updateProfile() on a non-object in /home/ubuntu/workspace/api/controllers/Articles.php on line 70
[08-Aug-2017 02:48:14 UTC] PHP Stack trace:
[08-Aug-2017 02:48:14 UTC] PHP   1. {main}() /home/ubuntu/workspace/api/api.php:0
[08-Aug-2017 02:48:14 UTC] PHP   2. Articles->editArticle() /home/ubuntu/workspace/api/api.php:13
[08-Aug-2017 02:48:29 UTC] PHP Fatal error:  Call to a member function updateProfile() on a non-object in /home/ubuntu/workspace/api/controllers/Articles.php on line 70
[08-Aug-2017 02:48:29 UTC] PHP Stack trace:
[08-Aug-2017 02:48:29 UTC] PHP   1. {main}() /home/ubuntu/workspace/api/api.php:0
[08-Aug-2017 02:48:29 UTC] PHP   2. Articles->editArticle() /home/ubuntu/workspace/api/api.php:13
[08-Aug-2017 02:58:48 UTC] PHP Fatal error:  Call to a member function updateProfile() on a non-object in /home/ubuntu/workspace/api/controllers/Articles.php on line 62
[08-Aug-2017 02:58:48 UTC] PHP Stack trace:
[08-Aug-2017 02:58:48 UTC] PHP   1. {main}() /home/ubuntu/workspace/api/api.php:0
[08-Aug-2017 02:58:48 UTC] PHP   2. Articles->editArticle() /home/ubuntu/workspace/api/api.php:13
[08-Aug-2017 02:58:59 UTC] PHP Fatal error:  Call to a member function updateProfile() on a non-object in /home/ubuntu/workspace/api/controllers/Articles.php on line 62
[08-Aug-2017 02:58:59 UTC] PHP Stack trace:
[08-Aug-2017 02:58:59 UTC] PHP   1. {main}() /home/ubuntu/workspace/api/api.php:0
[08-Aug-2017 02:58:59 UTC] PHP   2. Articles->editArticle() /home/ubuntu/workspace/api/api.php:13
[08-Aug-2017 02:59:29 UTC] PHP Fatal error:  Call to a member function updateProfile() on a non-object in /home/ubuntu/workspace/api/controllers/Articles.php on line 70
[08-Aug-2017 02:59:29 UTC] PHP Stack trace:
[08-Aug-2017 02:59:29 UTC] PHP   1. {main}() /home/ubuntu/workspace/api/api.php:0
[08-Aug-2017 02:59:29 UTC] PHP   2. Articles->editArticle() /home/ubuntu/workspace/api/api.php:13
[08-Aug-2017 03:00:45 UTC] PHP Fatal error:  Call to a member function updateProfile() on a non-object in /home/ubuntu/workspace/api/controllers/Articles.php on line 62
[08-Aug-2017 03:00:45 UTC] PHP Stack trace:
[08-Aug-2017 03:00:45 UTC] PHP   1. {main}() /home/ubuntu/workspace/api/api.php:0
[08-Aug-2017 03:00:45 UTC] PHP   2. Articles->editArticle() /home/ubuntu/workspace/api/api.php:13
[08-Aug-2017 03:08:48 UTC] PHP Fatal error:  Call to a member function updateProfile() on a non-object in /home/ubuntu/workspace/api/controllers/Articles.php on line 70
[08-Aug-2017 03:08:48 UTC] PHP Stack trace:
[08-Aug-2017 03:08:48 UTC] PHP   1. {main}() /home/ubuntu/workspace/api/api.php:0
[08-Aug-2017 03:08:48 UTC] PHP   2. Articles->editArticle() /home/ubuntu/workspace/api/api.php:13
[08-Aug-2017 03:09:23 UTC] PHP Fatal error:  Call to a member function execute() on a non-object in /home/ubuntu/workspace/api/models/ArticlesModel.php on line 64
[08-Aug-2017 03:09:23 UTC] PHP Stack trace:
[08-Aug-2017 03:09:23 UTC] PHP   1. {main}() /home/ubuntu/workspace/api/api.php:0
[08-Aug-2017 03:09:23 UTC] PHP   2. Articles->editArticle() /home/ubuntu/workspace/api/api.php:13
[08-Aug-2017 03:09:23 UTC] PHP   3. ArticlesModel->updateProfile() /home/ubuntu/workspace/api/controllers/Articles.php:70
[08-Aug-2017 03:09:41 UTC] PHP Fatal error:  Call to a member function execute() on a non-object in /home/ubuntu/workspace/api/models/ArticlesModel.php on line 64
[08-Aug-2017 03:09:41 UTC] PHP Stack trace:
[08-Aug-2017 03:09:41 UTC] PHP   1. {main}() /home/ubuntu/workspace/api/api.php:0
[08-Aug-2017 03:09:41 UTC] PHP   2. Articles->editArticle() /home/ubuntu/workspace/api/api.php:13
[08-Aug-2017 03:09:41 UTC] PHP   3. ArticlesModel->updateProfile() /home/ubuntu/workspace/api/controllers/Articles.php:70
[08-Aug-2017 03:18:58 UTC] PHP Fatal error:  Call to a member function execute() on a non-object in /home/ubuntu/workspace/api/models/ArticlesModel.php on line 64
[08-Aug-2017 03:18:58 UTC] PHP Stack trace:
[08-Aug-2017 03:18:58 UTC] PHP   1. {main}() /home/ubuntu/workspace/api/api.php:0
[08-Aug-2017 03:18:58 UTC] PHP   2. Articles->editArticle() /home/ubuntu/workspace/api/api.php:13
[08-Aug-2017 03:18:58 UTC] PHP   3. ArticlesModel->updateProfile() /home/ubuntu/workspace/api/controllers/Articles.php:62
[08-Aug-2017 03:19:22 UTC] PHP Fatal error:  Call to a member function execute() on a non-object in /home/ubuntu/workspace/api/models/ArticlesModel.php on line 64
[08-Aug-2017 03:19:22 UTC] PHP Stack trace:
[08-Aug-2017 03:19:22 UTC] PHP   1. {main}() /home/ubuntu/workspace/api/api.php:0
[08-Aug-2017 03:19:22 UTC] PHP   2. Articles->editArticle() /home/ubuntu/workspace/api/api.php:13
[08-Aug-2017 03:19:22 UTC] PHP   3. ArticlesModel->updateProfile() /home/ubuntu/workspace/api/controllers/Articles.php:70
[08-Aug-2017 10:25:33 UTC] PHP Warning:  log() expects parameter 1 to be double, string given in /home/ubuntu/workspace/api/controllers/Articles.php on line 41
[08-Aug-2017 10:25:33 UTC] PHP Stack trace:
[08-Aug-2017 10:25:33 UTC] PHP   1. {main}() /home/ubuntu/workspace/api/api.php:0
[08-Aug-2017 10:25:33 UTC] PHP   2. Articles->createArticle() /home/ubuntu/workspace/api/api.php:13
[08-Aug-2017 10:25:33 UTC] PHP   3. log() /home/ubuntu/workspace/api/controllers/Articles.php:41
[08-Aug-2017 10:25:42 UTC] PHP Warning:  log() expects parameter 1 to be double, string given in /home/ubuntu/workspace/api/controllers/Articles.php on line 41
[08-Aug-2017 10:25:42 UTC] PHP Stack trace:
[08-Aug-2017 10:25:42 UTC] PHP   1. {main}() /home/ubuntu/workspace/api/api.php:0
[08-Aug-2017 10:25:42 UTC] PHP   2. Articles->createArticle() /home/ubuntu/workspace/api/api.php:13
[08-Aug-2017 10:25:42 UTC] PHP   3. log() /home/ubuntu/workspace/api/controllers/Articles.php:41
[08-Aug-2017 10:36:23 UTC] PHP Fatal error:  Call to a member function execute() on a non-object in /home/ubuntu/workspace/api/models/ArticlesModel.php on line 46
[08-Aug-2017 10:36:23 UTC] PHP Stack trace:
[08-Aug-2017 10:36:23 UTC] PHP   1. {main}() /home/ubuntu/workspace/api/api.php:0
[08-Aug-2017 10:36:23 UTC] PHP   2. Articles->createArticle() /home/ubuntu/workspace/api/api.php:13
[08-Aug-2017 10:36:23 UTC] PHP   3. ArticlesModel->createItem() /home/ubuntu/workspace/api/controllers/Articles.php:52
[08-Aug-2017 10:37:08 UTC] PHP Fatal error:  Call to a member function execute() on a non-object in /home/ubuntu/workspace/api/models/ArticlesModel.php on line 46
[08-Aug-2017 10:37:08 UTC] PHP Stack trace:
[08-Aug-2017 10:37:08 UTC] PHP   1. {main}() /home/ubuntu/workspace/api/api.php:0
[08-Aug-2017 10:37:08 UTC] PHP   2. Articles->createArticle() /home/ubuntu/workspace/api/api.php:13
[08-Aug-2017 10:37:08 UTC] PHP   3. ArticlesModel->createItem() /home/ubuntu/workspace/api/controllers/Articles.php:52
[08-Aug-2017 10:38:06 UTC] PHP Fatal error:  Call to a member function execute() on a non-object in /home/ubuntu/workspace/api/models/ArticlesModel.php on line 46
[08-Aug-2017 10:38:06 UTC] PHP Stack trace:
[08-Aug-2017 10:38:06 UTC] PHP   1. {main}() /home/ubuntu/workspace/api/api.php:0
[08-Aug-2017 10:38:06 UTC] PHP   2. Articles->createArticle() /home/ubuntu/workspace/api/api.php:13
[08-Aug-2017 10:38:06 UTC] PHP   3. ArticlesModel->createItem() /home/ubuntu/workspace/api/controllers/Articles.php:52
[08-Aug-2017 10:39:43 UTC] PHP Fatal error:  Call to a member function execute() on a non-object in /home/ubuntu/workspace/api/models/ArticlesModel.php on line 46
[08-Aug-2017 10:39:43 UTC] PHP Stack trace:
[08-Aug-2017 10:39:43 UTC] PHP   1. {main}() /home/ubuntu/workspace/api/api.php:0
[08-Aug-2017 10:39:43 UTC] PHP   2. Articles->createArticle() /home/ubuntu/workspace/api/api.php:13
[08-Aug-2017 10:39:43 UTC] PHP   3. ArticlesModel->createItem() /home/ubuntu/workspace/api/controllers/Articles.php:52
[08-Aug-2017 10:42:02 UTC] PHP Fatal error:  Call to a member function execute() on a non-object in /home/ubuntu/workspace/api/models/ArticlesModel.php on line 46
[08-Aug-2017 10:42:02 UTC] PHP Stack trace:
[08-Aug-2017 10:42:02 UTC] PHP   1. {main}() /home/ubuntu/workspace/api/api.php:0
[08-Aug-2017 10:42:02 UTC] PHP   2. Articles->createArticle() /home/ubuntu/workspace/api/api.php:13
[08-Aug-2017 10:42:02 UTC] PHP   3. ArticlesModel->createItem() /home/ubuntu/workspace/api/controllers/Articles.php:52
[08-Aug-2017 10:42:13 UTC] PHP Fatal error:  Call to a member function execute() on a non-object in /home/ubuntu/workspace/api/models/ArticlesModel.php on line 46
[08-Aug-2017 10:42:13 UTC] PHP Stack trace:
[08-Aug-2017 10:42:13 UTC] PHP   1. {main}() /home/ubuntu/workspace/api/api.php:0
[08-Aug-2017 10:42:13 UTC] PHP   2. Articles->createArticle() /home/ubuntu/workspace/api/api.php:13
[08-Aug-2017 10:42:13 UTC] PHP   3. ArticlesModel->createItem() /home/ubuntu/workspace/api/controllers/Articles.php:52
[08-Aug-2017 10:47:46 UTC] PHP Fatal error:  Call to a member function execute() on a non-object in /home/ubuntu/workspace/api/models/ArticlesModel.php on line 46
[08-Aug-2017 10:47:46 UTC] PHP Stack trace:
[08-Aug-2017 10:47:46 UTC] PHP   1. {main}() /home/ubuntu/workspace/api/api.php:0
[08-Aug-2017 10:47:46 UTC] PHP   2. Articles->createArticle() /home/ubuntu/workspace/api/api.php:13
[08-Aug-2017 10:47:46 UTC] PHP   3. ArticlesModel->createItem() /home/ubuntu/workspace/api/controllers/Articles.php:52
[08-Aug-2017 10:48:40 UTC] PHP Fatal error:  Call to a member function execute() on a non-object in /home/ubuntu/workspace/api/models/ArticlesModel.php on line 46
[08-Aug-2017 10:48:40 UTC] PHP Stack trace:
[08-Aug-2017 10:48:40 UTC] PHP   1. {main}() /home/ubuntu/workspace/api/api.php:0
[08-Aug-2017 10:48:40 UTC] PHP   2. Articles->createArticle() /home/ubuntu/workspace/api/api.php:13
[08-Aug-2017 10:48:40 UTC] PHP   3. ArticlesModel->createItem() /home/ubuntu/workspace/api/controllers/Articles.php:52
[08-Aug-2017 10:56:50 UTC] PHP Fatal error:  Call to a member function execute() on a non-object in /home/ubuntu/workspace/api/models/ArticlesModel.php on line 59
[08-Aug-2017 10:56:50 UTC] PHP Stack trace:
[08-Aug-2017 10:56:50 UTC] PHP   1. {main}() /home/ubuntu/workspace/api/api.php:0
[08-Aug-2017 10:56:50 UTC] PHP   2. Articles->editArticle() /home/ubuntu/workspace/api/api.php:13
[08-Aug-2017 10:56:50 UTC] PHP   3. ArticlesModel->updateProfile() /home/ubuntu/workspace/api/controllers/Articles.php:70
[08-Aug-2017 11:00:27 UTC] PHP Fatal error:  Call to undefined method ArticlesModel::updateProfile() in /home/ubuntu/workspace/api/controllers/Articles.php on line 70
[08-Aug-2017 11:00:27 UTC] PHP Stack trace:
[08-Aug-2017 11:00:27 UTC] PHP   1. {main}() /home/ubuntu/workspace/api/api.php:0
[08-Aug-2017 11:00:27 UTC] PHP   2. Articles->editArticle() /home/ubuntu/workspace/api/api.php:13
[08-Aug-2017 11:00:42 UTC] PHP Fatal error:  Call to a member function execute() on a non-object in /home/ubuntu/workspace/api/models/ArticlesModel.php on line 72
[08-Aug-2017 11:00:42 UTC] PHP Stack trace:
[08-Aug-2017 11:00:42 UTC] PHP   1. {main}() /home/ubuntu/workspace/api/api.php:0
[08-Aug-2017 11:00:42 UTC] PHP   2. Articles->editArticle() /home/ubuntu/workspace/api/api.php:13
[08-Aug-2017 11:00:42 UTC] PHP   3. ArticlesModel->editUser() /home/ubuntu/workspace/api/controllers/Articles.php:70
[08-Aug-2017 11:01:25 UTC] PHP Fatal error:  Call to a member function execute() on a non-object in /home/ubuntu/workspace/api/models/ArticlesModel.php on line 72
[08-Aug-2017 11:01:25 UTC] PHP Stack trace:
[08-Aug-2017 11:01:25 UTC] PHP   1. {main}() /home/ubuntu/workspace/api/api.php:0
[08-Aug-2017 11:01:25 UTC] PHP   2. Articles->editArticle() /home/ubuntu/workspace/api/api.php:13
[08-Aug-2017 11:01:25 UTC] PHP   3. ArticlesModel->editUser() /home/ubuntu/workspace/api/controllers/Articles.php:70
[08-Aug-2017 11:02:26 UTC] PHP Fatal error:  Call to a member function execute() on a non-object in /home/ubuntu/workspace/api/models/ArticlesModel.php on line 72
[08-Aug-2017 11:02:26 UTC] PHP Stack trace:
[08-Aug-2017 11:02:26 UTC] PHP   1. {main}() /home/ubuntu/workspace/api/api.php:0
[08-Aug-2017 11:02:26 UTC] PHP   2. Articles->editArticle() /home/ubuntu/workspace/api/api.php:13
[08-Aug-2017 11:02:26 UTC] PHP   3. ArticlesModel->editUser() /home/ubuntu/workspace/api/controllers/Articles.php:70
[08-Aug-2017 11:15:53 UTC] PHP Fatal error:  Call to undefined method ArticlesModel::updateProfile() in /home/ubuntu/workspace/api/controllers/Articles.php on line 62
[08-Aug-2017 11:15:53 UTC] PHP Stack trace:
[08-Aug-2017 11:15:53 UTC] PHP   1. {main}() /home/ubuntu/workspace/api/api.php:0
[08-Aug-2017 11:15:53 UTC] PHP   2. Articles->editArticle() /home/ubuntu/workspace/api/api.php:13
[08-Aug-2017 11:33:10 UTC] PHP Fatal error:  Call to a member function execute() on a non-object in /home/ubuntu/workspace/api/models/ArticlesModel.php on line 59
[08-Aug-2017 11:33:10 UTC] PHP Stack trace:
[08-Aug-2017 11:33:10 UTC] PHP   1. {main}() /home/ubuntu/workspace/api/api.php:0
[08-Aug-2017 11:33:10 UTC] PHP   2. Articles->editArticle() /home/ubuntu/workspace/api/api.php:13
[08-Aug-2017 11:33:10 UTC] PHP   3. ArticlesModel->updateProfile() /home/ubuntu/workspace/api/controllers/Articles.php:70
[08-Aug-2017 11:33:24 UTC] PHP Fatal error:  Call to a member function execute() on a non-object in /home/ubuntu/workspace/api/models/ArticlesModel.php on line 59
[08-Aug-2017 11:33:24 UTC] PHP Stack trace:
[08-Aug-2017 11:33:24 UTC] PHP   1. {main}() /home/ubuntu/workspace/api/api.php:0
[08-Aug-2017 11:33:24 UTC] PHP   2. Articles->editArticle() /home/ubuntu/workspace/api/api.php:13
[08-Aug-2017 11:33:24 UTC] PHP   3. ArticlesModel->updateProfile() /home/ubuntu/workspace/api/controllers/Articles.php:70
[08-Aug-2017 14:06:09 UTC] PHP Fatal error:  Cannot access empty property in /home/ubuntu/workspace/api/controllers/Comments.php on line 9
[08-Aug-2017 14:06:09 UTC] PHP Stack trace:
[08-Aug-2017 14:06:09 UTC] PHP   1. {main}() /home/ubuntu/workspace/api/api.php:0
[08-Aug-2017 14:06:09 UTC] PHP   2. Comments->__construct() /home/ubuntu/workspace/api/api.php:12
[08-Aug-2017 14:06:31 UTC] PHP Fatal error:  Cannot access empty property in /home/ubuntu/workspace/api/controllers/Comments.php on line 9
[08-Aug-2017 14:06:31 UTC] PHP Stack trace:
[08-Aug-2017 14:06:31 UTC] PHP   1. {main}() /home/ubuntu/workspace/api/api.php:0
[08-Aug-2017 14:06:31 UTC] PHP   2. Comments->__construct() /home/ubuntu/workspace/api/api.php:12
[08-Aug-2017 14:07:09 UTC] PHP Fatal error:  Cannot access empty property in /home/ubuntu/workspace/api/controllers/Comments.php on line 9
[08-Aug-2017 14:07:09 UTC] PHP Stack trace:
[08-Aug-2017 14:07:09 UTC] PHP   1. {main}() /home/ubuntu/workspace/api/api.php:0
[08-Aug-2017 14:07:09 UTC] PHP   2. Comments->__construct() /home/ubuntu/workspace/api/api.php:12
[08-Aug-2017 14:08:07 UTC] PHP Fatal error:  Cannot access empty property in /home/ubuntu/workspace/api/controllers/Comments.php on line 16
[08-Aug-2017 14:08:07 UTC] PHP Stack trace:
[08-Aug-2017 14:08:07 UTC] PHP   1. {main}() /home/ubuntu/workspace/api/api.php:0
[08-Aug-2017 14:08:07 UTC] PHP   2. Comments->getComments() /home/ubuntu/workspace/api/api.php:13
[08-Aug-2017 14:08:28 UTC] PHP Fatal error:  Cannot access empty property in /home/ubuntu/workspace/api/controllers/Comments.php on line 16
[08-Aug-2017 14:08:28 UTC] PHP Stack trace:
[08-Aug-2017 14:08:28 UTC] PHP   1. {main}() /home/ubuntu/workspace/api/api.php:0
[08-Aug-2017 14:08:28 UTC] PHP   2. Comments->getComments() /home/ubuntu/workspace/api/api.php:13
[08-Aug-2017 15:59:24 UTC] PHP Fatal error:  Call to a member function execute() on a non-object in /home/ubuntu/workspace/api/models/CommentsModel.php on line 33
[08-Aug-2017 15:59:24 UTC] PHP Stack trace:
[08-Aug-2017 15:59:24 UTC] PHP   1. {main}() /home/ubuntu/workspace/api/api.php:0
[08-Aug-2017 15:59:24 UTC] PHP   2. Comments->addComments() /home/ubuntu/workspace/api/api.php:13
[08-Aug-2017 15:59:24 UTC] PHP   3. CommentsModel->addItem() /home/ubuntu/workspace/api/controllers/Comments.php:24
[08-Aug-2017 16:00:29 UTC] PHP Fatal error:  Call to a member function execute() on a non-object in /home/ubuntu/workspace/api/models/CommentsModel.php on line 33
[08-Aug-2017 16:00:29 UTC] PHP Stack trace:
[08-Aug-2017 16:00:29 UTC] PHP   1. {main}() /home/ubuntu/workspace/api/api.php:0
[08-Aug-2017 16:00:29 UTC] PHP   2. Comments->addComments() /home/ubuntu/workspace/api/api.php:13
[08-Aug-2017 16:00:29 UTC] PHP   3. CommentsModel->addItem() /home/ubuntu/workspace/api/controllers/Comments.php:24
[08-Aug-2017 16:01:34 UTC] PHP Fatal error:  Call to a member function execute() on a non-object in /home/ubuntu/workspace/api/models/CommentsModel.php on line 33
[08-Aug-2017 16:01:34 UTC] PHP Stack trace:
[08-Aug-2017 16:01:34 UTC] PHP   1. {main}() /home/ubuntu/workspace/api/api.php:0
[08-Aug-2017 16:01:34 UTC] PHP   2. Comments->addComments() /home/ubuntu/workspace/api/api.php:13
[08-Aug-2017 16:01:34 UTC] PHP   3. CommentsModel->addItem() /home/ubuntu/workspace/api/controllers/Comments.php:24
[08-Aug-2017 16:03:27 UTC] PHP Fatal error:  Call to a member function execute() on a non-object in /home/ubuntu/workspace/api/models/CommentsModel.php on line 33
[08-Aug-2017 16:03:27 UTC] PHP Stack trace:
[08-Aug-2017 16:03:27 UTC] PHP   1. {main}() /home/ubuntu/workspace/api/api.php:0
[08-Aug-2017 16:03:27 UTC] PHP   2. Comments->addComments() /home/ubuntu/workspace/api/api.php:13
[08-Aug-2017 16:03:27 UTC] PHP   3. CommentsModel->addItem() /home/ubuntu/workspace/api/controllers/Comments.php:24
[08-Aug-2017 16:03:41 UTC] PHP Fatal error:  Call to a member function execute() on a non-object in /home/ubuntu/workspace/api/models/CommentsModel.php on line 33
[08-Aug-2017 16:03:41 UTC] PHP Stack trace:
[08-Aug-2017 16:03:41 UTC] PHP   1. {main}() /home/ubuntu/workspace/api/api.php:0
[08-Aug-2017 16:03:41 UTC] PHP   2. Comments->addComments() /home/ubuntu/workspace/api/api.php:13
[08-Aug-2017 16:03:41 UTC] PHP   3. CommentsModel->addItem() /home/ubuntu/workspace/api/controllers/Comments.php:24
[08-Aug-2017 16:03:44 UTC] PHP Fatal error:  Call to a member function execute() on a non-object in /home/ubuntu/workspace/api/models/CommentsModel.php on line 33
[08-Aug-2017 16:03:44 UTC] PHP Stack trace:
[08-Aug-2017 16:03:44 UTC] PHP   1. {main}() /home/ubuntu/workspace/api/api.php:0
[08-Aug-2017 16:03:44 UTC] PHP   2. Comments->addComments() /home/ubuntu/workspace/api/api.php:13
[08-Aug-2017 16:03:44 UTC] PHP   3. CommentsModel->addItem() /home/ubuntu/workspace/api/controllers/Comments.php:24
[08-Aug-2017 16:08:21 UTC] PHP Parse error:  syntax error, unexpected '' (T_ENCAPSED_AND_WHITESPACE), expecting identifier (T_STRING) or variable (T_VARIABLE) or number (T_NUM_STRING) in /home/ubuntu/workspace/api/models/CommentsModel.php on line 20
[08-Aug-2017 16:08:21 UTC] PHP Stack trace:
[08-Aug-2017 16:08:21 UTC] PHP   1. {main}() /home/ubuntu/workspace/api/api.php:0
[08-Aug-2017 16:08:21 UTC] PHP   2. require() /home/ubuntu/workspace/api/api.php:11
